#
# A fatal error has been detected by the Java Runtime Environment:
#
#  EXCEPTION_ACCESS_VIOLATION (0xc0000005) at pc=0x00007fffe1332333, pid=352, tid=6696
#
# JRE version: Java(TM) SE Runtime Environment (15.0.1+9) (build 15.0.1+9-18)
# Java VM: Java HotSpot(TM) 64-Bit Server VM (15.0.1+9-18, mixed mode, sharing, tiered, compressed oops, g1 gc, windows-amd64)
# Problematic frame:
# V  [jvm.dll+0x3a2333]
#
# No core dump will be written. Minidumps are not enabled by default on client versions of Windows
#
# If you would like to submit a bug report, please visit:
#   https://bugreport.java.com/bugreport/crash.jsp
#

---------------  S U M M A R Y ------------

Command Line: -Dfile.encoding=Cp1252 --module-path=C:\Users\estev\Downloads\sqljdbc4.jar -XX:+ShowCodeDetailsInExceptionMessages br.com.etec.exerciciojdbc.teste.TestaConexao

Host: Intel(R) Core(TM) i7-4500U CPU @ 1.80GHz, 4 cores, 7G,  Windows 10 , 64 bit Build 19041 (10.0.19041.804)
Time: Thu Apr  8 20:29:24 2021 Hora oficial do Brasil elapsed time: 2.366572 seconds (0d 0h 0m 2s)

---------------  T H R E A D  ---------------

Current thread (0x000002e2c40b7830):  JavaThread "main" [_thread_in_vm, id=6696, stack(0x000000fa99e00000,0x000000fa99f00000)]

Stack: [0x000000fa99e00000,0x000000fa99f00000],  sp=0x000000fa99efe830,  free space=1018k
Native frames: (J=compiled Java code, j=interpreted, Vv=VM code, C=native code)
V  [jvm.dll+0x3a2333]
C  [sqljdbc_auth.dll+0x6777]

Java frames: (J=compiled Java code, j=interpreted, Vv=VM code)
j  com.microsoft.sqlserver.jdbc.AuthenticationJNI.SNISecGenClientContext([B[I[BI[B[I[ZLjava/lang/String;Ljava/lang/String;Ljava/lang/String;Ljava/util/logging/Logger;)I+0 sqljdbc4
j  com.microsoft.sqlserver.jdbc.AuthenticationJNI.GenerateClientContext([BI[B[I[Z)I+24 sqljdbc4
j  com.microsoft.sqlserver.jdbc.SQLServerConnection.SSPIData([B[B[I[ZLcom/microsoft/sqlserver/jdbc/AuthenticationJNI;)V+13 sqljdbc4
j  com.microsoft.sqlserver.jdbc.SQLServerConnection.sendLogon(Lcom/microsoft/sqlserver/jdbc/SQLServerConnection$LogonCommand;Lcom/microsoft/sqlserver/jdbc/AuthenticationJNI;)V+155 sqljdbc4
j  com.microsoft.sqlserver.jdbc.SQLServerConnection.logon(Lcom/microsoft/sqlserver/jdbc/SQLServerConnection$LogonCommand;)V+20 sqljdbc4
j  com.microsoft.sqlserver.jdbc.SQLServerConnection.access$000(Lcom/microsoft/sqlserver/jdbc/SQLServerConnection;Lcom/microsoft/sqlserver/jdbc/SQLServerConnection$LogonCommand;)V+2 sqljdbc4
j  com.microsoft.sqlserver.jdbc.SQLServerConnection$LogonCommand.doExecute()Z+5 sqljdbc4
j  com.microsoft.sqlserver.jdbc.TDSCommand.execute(Lcom/microsoft/sqlserver/jdbc/TDSWriter;Lcom/microsoft/sqlserver/jdbc/TDSReader;)Z+30 sqljdbc4
j  com.microsoft.sqlserver.jdbc.SQLServerConnection.executeCommand(Lcom/microsoft/sqlserver/jdbc/TDSCommand;)Z+45 sqljdbc4
j  com.microsoft.sqlserver.jdbc.SQLServerConnection.connectHelper(Lcom/microsoft/sqlserver/jdbc/ServerPortPlaceHolder;II)V+284 sqljdbc4
j  com.microsoft.sqlserver.jdbc.SQLServerConnection.login(Ljava/lang/String;Ljava/lang/String;ILjava/lang/String;Lcom/microsoft/sqlserver/jdbc/FailoverInfo;IJ)V+399 sqljdbc4
j  com.microsoft.sqlserver.jdbc.SQLServerConnection.connect(Ljava/util/Properties;Lcom/microsoft/sqlserver/jdbc/SQLServerPooledConnection;)Ljava/sql/Connection;+1929 sqljdbc4
j  com.microsoft.sqlserver.jdbc.SQLServerDriver.connect(Ljava/lang/String;Ljava/util/Properties;)Ljava/sql/Connection;+45 sqljdbc4
j  java.sql.DriverManager.getConnection(Ljava/lang/String;Ljava/util/Properties;Ljava/lang/Class;)Ljava/sql/Connection;+131 java.sql@15.0.1
j  java.sql.DriverManager.getConnection(Ljava/lang/String;)Ljava/sql/Connection;+13 java.sql@15.0.1
j  br.com.etec.exerciciojdbc.dao.ConnectionFactory.getConnection()Ljava/sql/Connection;+4
j  br.com.etec.exerciciojdbc.teste.TestaConexao.main([Ljava/lang/String;)V+7
v  ~StubRoutines::call_stub

siginfo: EXCEPTION_ACCESS_VIOLATION (0xc0000005), reading address 0x0000000000000008


Register to memory mapping:

RIP=0x00007fffe1332333 jvm.dll
RAX=0x0 is NULL
RBX=0x000002e2c40b7830 is a thread
RCX=0x000000fa99efeb40 is pointing into the stack for thread: 0x000002e2c40b7830
RDX=0x000000fa99efeb40 is pointing into the stack for thread: 0x000002e2c40b7830
RSP=0x000000fa99efe830 is pointing into the stack for thread: 0x000002e2c40b7830
RBP=0x000002e2c40b7b58 points into unknown readable memory: 0x00007fffe198de40 | 40 de 98 e1 ff 7f 00 00
RSI=0x000000fa99efeb40 is pointing into the stack for thread: 0x000002e2c40b7830
RDI=0x0 is NULL
R8 =0x0000000000000002 is an unknown value
R9 =0x0 is NULL
R10=0x00007ff81e71d110 sqljdbc_auth.dll
R11=
[error occurred during error reporting (printing register info), id 0xc0000005, EXCEPTION_ACCESS_VIOLATION (0xc0000005) at pc=0x00007fffe122d360]

Registers:
RAX=0x0000000000000000, RBX=0x000002e2c40b7830, RCX=0x000000fa99efeb40, RDX=0x000000fa99efeb40
RSP=0x000000fa99efe830, RBP=0x000002e2c40b7b58, RSI=0x000000fa99efeb40, RDI=0x0000000000000000
R8 =0x0000000000000002, R9 =0x0000000000000000, R10=0x00007ff81e71d110, R11=0x0000000089b499d0
R12=0x000000fa99efebc0, R13=0x0000000000000000, R14=0x000000fa99efebb8, R15=0x0000000000000000
RIP=0x00007fffe1332333, EFLAGS=0x0000000000010202

Top of Stack: (sp=0x000000fa99efe830)
0x000000fa99efe830:   000000fa99efebb8 000002e2c40b7830
0x000000fa99efe840:   00007ff81e71d110 00007ff81e71d110
0x000000fa99efe850:   000002e2c40b7830 0000000000000000
0x000000fa99efe860:   0000000000000000 0000000000000000
0x000000fa99efe870:   000002e2c417dd00 00007ff81e6f6777
0x000000fa99efe880:   000002e2c40b7b58 000000fa99efe980
0x000000fa99efe890:   000000fa99efeb40 0000000000000000
0x000000fa99efe8a0:   0000000000000000 0000000000000000
0x000000fa99efe8b0:   0000000000000000 0000000000000000
0x000000fa99efe8c0:   0000000000000000 0000000000000000
0x000000fa99efe8d0:   000002e202000000 000000fa99efe7e0
0x000000fa99efe8e0:   0000000000000000 0000000000000000
0x000000fa99efe8f0:   000002e200000000 0000000000000400
0x000000fa99efe900:   0000000000000000 0000000000000000
0x000000fa99efe910:   000000fa99efeb88 0000000000000000
0x000000fa99efe920:   000000fa99efeba0 000000fa99efeb98 

Instructions: (pc=0x00007fffe1332333)
0x00007fffe1332233:   cb e8 47 aa 2e 00 48 8b c6 c7 83 98 03 00 00 04
0x00007fffe1332243:   00 00 00 48 8b b4 24 c0 00 00 00 48 81 c4 d0 00
0x00007fffe1332253:   00 00 5b c3 cc cc cc cc cc cc cc cc cc 48 89 5c
0x00007fffe1332263:   24 08 48 89 6c 24 10 48 89 74 24 18 57 48 83 ec
0x00007fffe1332273:   40 8b 81 88 00 00 00 48 8d 99 d8 fc ff ff 05 55
0x00007fffe1332283:   21 ff ff 33 ff 48 8b f2 48 8b e9 83 f8 01 76 0a
0x00007fffe1332293:   48 8b cb e8 e5 b2 39 00 8b df c7 83 98 03 00 00
0x00007fffe13322a3:   05 00 00 00 e8 44 a5 27 00 48 8b 03 48 8b cb ff
0x00007fffe13322b3:   50 38 84 c0 74 0e 48 8b 83 10 01 00 00 c0 e8 03
0x00007fffe13322c3:   24 01 eb 0b 8b 05 43 a4 6f 00 85 c0 0f 95 c0 84
0x00007fffe13322d3:   c0 75 0d 8b 83 e0 00 00 00 a9 04 00 00 20 74 08
0x00007fffe13322e3:   48 8b cb e8 15 b9 39 00 c7 83 98 03 00 00 06 00
0x00007fffe13322f3:   00 00 48 89 5c 24 20 48 89 7c 24 28 48 39 7b 08
0x00007fffe1332303:   74 0a 48 8d 4c 24 20 e8 d1 45 2b 00 40 f6 c6 01
0x00007fffe1332313:   74 0c 48 8d 4e ff ff 15 89 94 65 00 eb 09 48 8b
0x00007fffe1332323:   ce ff 15 de 1c 65 00 40 38 3d b0 0c 6e 00 74 15
0x00007fffe1332333:   8b 40 08 8b 0d e4 96 65 00 48 d3 e0 48 03 05 d2
0x00007fffe1332343:   96 65 00 eb 04 48 8b 40 08 48 8b 48 70 48 85 c9
0x00007fffe1332353:   74 09 ff 15 ad 1c 65 00 48 8b f8 48 8b d7 48 8b
0x00007fffe1332363:   cd e8 d7 4d 03 00 48 83 7c 24 28 00 48 8b f0 74
0x00007fffe1332373:   0a 48 8d 4c 24 20 e8 02 46 2b 00 48 8b bb f8 00
0x00007fffe1332383:   00 00 48 8b 4f 10 48 83 39 00 74 0c 48 8b cf e8
0x00007fffe1332393:   f9 23 f7 ff 48 8b 4f 10 48 8b 47 08 48 89 48 10
0x00007fffe13323a3:   48 8b 4f 08 48 8b 47 18 48 89 41 18 48 8b 4f 08
0x00007fffe13323b3:   48 8b 47 20 48 89 41 20 c7 83 98 03 00 00 07 00
0x00007fffe13323c3:   00 00 e8 26 a4 27 00 48 8b 83 10 01 00 00 c0 e8
0x00007fffe13323d3:   03 a8 01 74 08 48 8b cb e8 a0 a8 2e 00 48 8b 6c
0x00007fffe13323e3:   24 58 48 8b c6 48 8b 74 24 60 c7 83 98 03 00 00
0x00007fffe13323f3:   04 00 00 00 48 8b 5c 24 50 48 83 c4 40 5f c3 cc
0x00007fffe1332403:   cc cc cc cc cc cc cc cc cc cc cc cc cc 48 89 5c
0x00007fffe1332413:   24 08 48 89 6c 24 10 48 89 74 24 18 57 48 83 ec
0x00007fffe1332423:   20 8b 81 88 00 00 00 48 8d 99 d8 fc ff ff 05 55 


Stack slot to memory mapping:
stack at sp + 0 slots: 0x000000fa99efebb8 is pointing into the stack for thread: 0x000002e2c40b7830
stack at sp + 1 slots: 0x000002e2c40b7830 is a thread
stack at sp + 2 slots: 0x00007ff81e71d110 sqljdbc_auth.dll
stack at sp + 3 slots: 0x00007ff81e71d110 sqljdbc_auth.dll
stack at sp + 4 slots: 0x000002e2c40b7830 is a thread
stack at sp + 5 slots: 0x0 is NULL
stack at sp + 6 slots: 0x0 is NULL
stack at sp + 7 slots: 0x0 is NULL


---------------  P R O C E S S  ---------------

Threads class SMR info:
_java_thread_list=0x000002e2e2f7d6e0, length=12, elements={
0x000002e2c40b7830, 0x000002e2e22c1ae0, 0x000002e2e22caf70, 0x000002e2e22dcdd0,
0x000002e2e22e08a0, 0x000002e2e22e1af0, 0x000002e2e22e6040, 0x000002e2e22eb700,
0x000002e2e2c788c0, 0x000002e2e22a1580, 0x000002e2e2ee2da0, 0x000002e2e2ee66d0
}

Java Threads: ( => current thread )
=>0x000002e2c40b7830 JavaThread "main" [_thread_in_vm, id=6696, stack(0x000000fa99e00000,0x000000fa99f00000)]
  0x000002e2e22c1ae0 JavaThread "Reference Handler" daemon [_thread_blocked, id=6352, stack(0x000000fa9a500000,0x000000fa9a600000)]
  0x000002e2e22caf70 JavaThread "Finalizer" daemon [_thread_blocked, id=17056, stack(0x000000fa9a600000,0x000000fa9a700000)]
  0x000002e2e22dcdd0 JavaThread "Signal Dispatcher" daemon [_thread_blocked, id=13180, stack(0x000000fa9a700000,0x000000fa9a800000)]
  0x000002e2e22e08a0 JavaThread "Attach Listener" daemon [_thread_blocked, id=10376, stack(0x000000fa9a800000,0x000000fa9a900000)]
  0x000002e2e22e1af0 JavaThread "Service Thread" daemon [_thread_blocked, id=16972, stack(0x000000fa9a900000,0x000000fa9aa00000)]
  0x000002e2e22e6040 JavaThread "C2 CompilerThread0" daemon [_thread_blocked, id=12980, stack(0x000000fa9aa00000,0x000000fa9ab00000)]
  0x000002e2e22eb700 JavaThread "C1 CompilerThread0" daemon [_thread_blocked, id=10076, stack(0x000000fa9ab00000,0x000000fa9ac00000)]
  0x000002e2e2c788c0 JavaThread "Sweeper thread" daemon [_thread_blocked, id=10224, stack(0x000000fa9ac00000,0x000000fa9ad00000)]
  0x000002e2e22a1580 JavaThread "Common-Cleaner" daemon [_thread_blocked, id=5284, stack(0x000000fa9ad00000,0x000000fa9ae00000)]
  0x000002e2e2ee2da0 JavaThread "C2 CompilerThread1" daemon [_thread_blocked, id=2300, stack(0x000000fa9ae00000,0x000000fa9af00000)]
  0x000002e2e2ee66d0 JavaThread "Notification Thread" daemon [_thread_blocked, id=10148, stack(0x000000fa9af00000,0x000000fa9b000000)]

Other Threads:
  0x000002e2e22bd5e0 VMThread "VM Thread" [stack: 0x000000fa9a400000,0x000000fa9a500000] [id=17008]
  0x000002e2e2edaa30 WatcherThread [stack: 0x000000fa9b000000,0x000000fa9b100000] [id=1400]
  0x000002e2c40f68c0 GCTaskThread "GC Thread#0" [stack: 0x000000fa99f00000,0x000000fa9a000000] [id=1032]
  0x000002e2e2f8db30 GCTaskThread "GC Thread#1" [stack: 0x000000fa9b200000,0x000000fa9b300000] [id=15664]
  0x000002e2e2f8d800 GCTaskThread "GC Thread#2" [stack: 0x000000fa9b300000,0x000000fa9b400000] [id=15616]
  0x000002e2c4107690 ConcurrentGCThread "G1 Main Marker" [stack: 0x000000fa9a000000,0x000000fa9a100000] [id=7392]
  0x000002e2c4108290 ConcurrentGCThread "G1 Conc#0" [stack: 0x000000fa9a100000,0x000000fa9a200000] [id=14264]
  0x000002e2c417f040 ConcurrentGCThread "G1 Refine#0" [stack: 0x000000fa9a200000,0x000000fa9a300000] [id=11848]
  0x000002e2c41804b0 ConcurrentGCThread "G1 Young RemSet Sampling" [stack: 0x000000fa9a300000,0x000000fa9a400000] [id=14180]

Threads with active compile tasks:

VM state: not at safepoint (normal execution)

VM Mutex/Monitor currently owned by a thread: None

Heap address: 0x0000000081c00000, size: 2020 MB, Compressed Oops mode: 32-bit
CDS archive(s) mapped at: [0x0000000800000000-0x0000000800b50000-0x0000000800b50000), size 11862016, SharedBaseAddress: 0x0000000800000000, ArchiveRelocationMode: 0.
Compressed class space mapped at: 0x0000000800b50000-0x0000000840b50000, size: 1073741824
Narrow klass base: 0x0000000800000000, Narrow klass shift: 3, Narrow klass range: 0x100000000

GC Precious Log:
 CPUs: 4 total, 4 available
 Memory: 8072M
 Large Page Support: Disabled
 NUMA Support: Disabled
 Compressed Oops: Enabled (32-bit)
 Heap Region Size: 1M
 Heap Min Capacity: 8M
 Heap Initial Capacity: 128M
 Heap Max Capacity: 2020M
 Pre-touch: Disabled
 Parallel Workers: 4
 Concurrent Workers: 1
 Concurrent Refinement Workers: 4
 Periodic GC: Disabled

Heap:
 garbage-first heap   total 131072K, used 2551K [0x0000000081c00000, 0x0000000100000000)
  region size 1024K, 3 young (3072K), 2 survivors (2048K)
 Metaspace       used 7578K, capacity 7693K, committed 7808K, reserved 1056768K
  class space    used 808K, capacity 883K, committed 896K, reserved 1048576K

Heap Regions: E=young(eden), S=young(survivor), O=old, HS=humongous(starts), HC=humongous(continues), CS=collection set, F=free, OA=open archive, CA=closed archive, TAMS=top-at-mark-start (previous, next)
|   0|0x0000000081c00000, 0x0000000081c7de00, 0x0000000081d00000| 49%| O|  |TAMS 0x0000000081c00000, 0x0000000081c00000| Untracked 
|   1|0x0000000081d00000, 0x0000000081d00000, 0x0000000081e00000|  0%| F|  |TAMS 0x0000000081d00000, 0x0000000081d00000| Untracked 
|   2|0x0000000081e00000, 0x0000000081e00000, 0x0000000081f00000|  0%| F|  |TAMS 0x0000000081e00000, 0x0000000081e00000| Untracked 
|   3|0x0000000081f00000, 0x0000000081f00000, 0x0000000082000000|  0%| F|  |TAMS 0x0000000081f00000, 0x0000000081f00000| Untracked 
|   4|0x0000000082000000, 0x0000000082000000, 0x0000000082100000|  0%| F|  |TAMS 0x0000000082000000, 0x0000000082000000| Untracked 
|   5|0x0000000082100000, 0x0000000082100000, 0x0000000082200000|  0%| F|  |TAMS 0x0000000082100000, 0x0000000082100000| Untracked 
|   6|0x0000000082200000, 0x0000000082200000, 0x0000000082300000|  0%| F|  |TAMS 0x0000000082200000, 0x0000000082200000| Untracked 
|   7|0x0000000082300000, 0x0000000082300000, 0x0000000082400000|  0%| F|  |TAMS 0x0000000082300000, 0x0000000082300000| Untracked 
|   8|0x0000000082400000, 0x0000000082400000, 0x0000000082500000|  0%| F|  |TAMS 0x0000000082400000, 0x0000000082400000| Untracked 
|   9|0x0000000082500000, 0x0000000082500000, 0x0000000082600000|  0%| F|  |TAMS 0x0000000082500000, 0x0000000082500000| Untracked 
|  10|0x0000000082600000, 0x0000000082600000, 0x0000000082700000|  0%| F|  |TAMS 0x0000000082600000, 0x0000000082600000| Untracked 
|  11|0x0000000082700000, 0x0000000082700000, 0x0000000082800000|  0%| F|  |TAMS 0x0000000082700000, 0x0000000082700000| Untracked 
|  12|0x0000000082800000, 0x0000000082800000, 0x0000000082900000|  0%| F|  |TAMS 0x0000000082800000, 0x0000000082800000| Untracked 
|  13|0x0000000082900000, 0x0000000082900000, 0x0000000082a00000|  0%| F|  |TAMS 0x0000000082900000, 0x0000000082900000| Untracked 
|  14|0x0000000082a00000, 0x0000000082a00000, 0x0000000082b00000|  0%| F|  |TAMS 0x0000000082a00000, 0x0000000082a00000| Untracked 
|  15|0x0000000082b00000, 0x0000000082b00000, 0x0000000082c00000|  0%| F|  |TAMS 0x0000000082b00000, 0x0000000082b00000| Untracked 
|  16|0x0000000082c00000, 0x0000000082c00000, 0x0000000082d00000|  0%| F|  |TAMS 0x0000000082c00000, 0x0000000082c00000| Untracked 
|  17|0x0000000082d00000, 0x0000000082d00000, 0x0000000082e00000|  0%| F|  |TAMS 0x0000000082d00000, 0x0000000082d00000| Untracked 
|  18|0x0000000082e00000, 0x0000000082e00000, 0x0000000082f00000|  0%| F|  |TAMS 0x0000000082e00000, 0x0000000082e00000| Untracked 
|  19|0x0000000082f00000, 0x0000000082f00000, 0x0000000083000000|  0%| F|  |TAMS 0x0000000082f00000, 0x0000000082f00000| Untracked 
|  20|0x0000000083000000, 0x0000000083000000, 0x0000000083100000|  0%| F|  |TAMS 0x0000000083000000, 0x0000000083000000| Untracked 
|  21|0x0000000083100000, 0x0000000083100000, 0x0000000083200000|  0%| F|  |TAMS 0x0000000083100000, 0x0000000083100000| Untracked 
|  22|0x0000000083200000, 0x0000000083200000, 0x0000000083300000|  0%| F|  |TAMS 0x0000000083200000, 0x0000000083200000| Untracked 
|  23|0x0000000083300000, 0x0000000083300000, 0x0000000083400000|  0%| F|  |TAMS 0x0000000083300000, 0x0000000083300000| Untracked 
|  24|0x0000000083400000, 0x0000000083400000, 0x0000000083500000|  0%| F|  |TAMS 0x0000000083400000, 0x0000000083400000| Untracked 
|  25|0x0000000083500000, 0x0000000083500000, 0x0000000083600000|  0%| F|  |TAMS 0x0000000083500000, 0x0000000083500000| Untracked 
|  26|0x0000000083600000, 0x0000000083600000, 0x0000000083700000|  0%| F|  |TAMS 0x0000000083600000, 0x0000000083600000| Untracked 
|  27|0x0000000083700000, 0x0000000083700000, 0x0000000083800000|  0%| F|  |TAMS 0x0000000083700000, 0x0000000083700000| Untracked 
|  28|0x0000000083800000, 0x0000000083800000, 0x0000000083900000|  0%| F|  |TAMS 0x0000000083800000, 0x0000000083800000| Untracked 
|  29|0x0000000083900000, 0x0000000083900000, 0x0000000083a00000|  0%| F|  |TAMS 0x0000000083900000, 0x0000000083900000| Untracked 
|  30|0x0000000083a00000, 0x0000000083a00000, 0x0000000083b00000|  0%| F|  |TAMS 0x0000000083a00000, 0x0000000083a00000| Untracked 
|  31|0x0000000083b00000, 0x0000000083b00000, 0x0000000083c00000|  0%| F|  |TAMS 0x0000000083b00000, 0x0000000083b00000| Untracked 
|  32|0x0000000083c00000, 0x0000000083c00000, 0x0000000083d00000|  0%| F|  |TAMS 0x0000000083c00000, 0x0000000083c00000| Untracked 
|  33|0x0000000083d00000, 0x0000000083d00000, 0x0000000083e00000|  0%| F|  |TAMS 0x0000000083d00000, 0x0000000083d00000| Untracked 
|  34|0x0000000083e00000, 0x0000000083e00000, 0x0000000083f00000|  0%| F|  |TAMS 0x0000000083e00000, 0x0000000083e00000| Untracked 
|  35|0x0000000083f00000, 0x0000000083f00000, 0x0000000084000000|  0%| F|  |TAMS 0x0000000083f00000, 0x0000000083f00000| Untracked 
|  36|0x0000000084000000, 0x0000000084000000, 0x0000000084100000|  0%| F|  |TAMS 0x0000000084000000, 0x0000000084000000| Untracked 
|  37|0x0000000084100000, 0x0000000084100000, 0x0000000084200000|  0%| F|  |TAMS 0x0000000084100000, 0x0000000084100000| Untracked 
|  38|0x0000000084200000, 0x0000000084200000, 0x0000000084300000|  0%| F|  |TAMS 0x0000000084200000, 0x0000000084200000| Untracked 
|  39|0x0000000084300000, 0x0000000084300000, 0x0000000084400000|  0%| F|  |TAMS 0x0000000084300000, 0x0000000084300000| Untracked 
|  40|0x0000000084400000, 0x0000000084400000, 0x0000000084500000|  0%| F|  |TAMS 0x0000000084400000, 0x0000000084400000| Untracked 
|  41|0x0000000084500000, 0x0000000084500000, 0x0000000084600000|  0%| F|  |TAMS 0x0000000084500000, 0x0000000084500000| Untracked 
|  42|0x0000000084600000, 0x0000000084600000, 0x0000000084700000|  0%| F|  |TAMS 0x0000000084600000, 0x0000000084600000| Untracked 
|  43|0x0000000084700000, 0x0000000084700000, 0x0000000084800000|  0%| F|  |TAMS 0x0000000084700000, 0x0000000084700000| Untracked 
|  44|0x0000000084800000, 0x0000000084800000, 0x0000000084900000|  0%| F|  |TAMS 0x0000000084800000, 0x0000000084800000| Untracked 
|  45|0x0000000084900000, 0x0000000084900000, 0x0000000084a00000|  0%| F|  |TAMS 0x0000000084900000, 0x0000000084900000| Untracked 
|  46|0x0000000084a00000, 0x0000000084a00000, 0x0000000084b00000|  0%| F|  |TAMS 0x0000000084a00000, 0x0000000084a00000| Untracked 
|  47|0x0000000084b00000, 0x0000000084b00000, 0x0000000084c00000|  0%| F|  |TAMS 0x0000000084b00000, 0x0000000084b00000| Untracked 
|  48|0x0000000084c00000, 0x0000000084c00000, 0x0000000084d00000|  0%| F|  |TAMS 0x0000000084c00000, 0x0000000084c00000| Untracked 
|  49|0x0000000084d00000, 0x0000000084d00000, 0x0000000084e00000|  0%| F|  |TAMS 0x0000000084d00000, 0x0000000084d00000| Untracked 
|  50|0x0000000084e00000, 0x0000000084e00000, 0x0000000084f00000|  0%| F|  |TAMS 0x0000000084e00000, 0x0000000084e00000| Untracked 
|  51|0x0000000084f00000, 0x0000000084f00000, 0x0000000085000000|  0%| F|  |TAMS 0x0000000084f00000, 0x0000000084f00000| Untracked 
|  52|0x0000000085000000, 0x0000000085000000, 0x0000000085100000|  0%| F|  |TAMS 0x0000000085000000, 0x0000000085000000| Untracked 
|  53|0x0000000085100000, 0x0000000085100000, 0x0000000085200000|  0%| F|  |TAMS 0x0000000085100000, 0x0000000085100000| Untracked 
|  54|0x0000000085200000, 0x0000000085200000, 0x0000000085300000|  0%| F|  |TAMS 0x0000000085200000, 0x0000000085200000| Untracked 
|  55|0x0000000085300000, 0x0000000085300000, 0x0000000085400000|  0%| F|  |TAMS 0x0000000085300000, 0x0000000085300000| Untracked 
|  56|0x0000000085400000, 0x0000000085400000, 0x0000000085500000|  0%| F|  |TAMS 0x0000000085400000, 0x0000000085400000| Untracked 
|  57|0x0000000085500000, 0x0000000085500000, 0x0000000085600000|  0%| F|  |TAMS 0x0000000085500000, 0x0000000085500000| Untracked 
|  58|0x0000000085600000, 0x0000000085600000, 0x0000000085700000|  0%| F|  |TAMS 0x0000000085600000, 0x0000000085600000| Untracked 
|  59|0x0000000085700000, 0x0000000085700000, 0x0000000085800000|  0%| F|  |TAMS 0x0000000085700000, 0x0000000085700000| Untracked 
|  60|0x0000000085800000, 0x0000000085800000, 0x0000000085900000|  0%| F|  |TAMS 0x0000000085800000, 0x0000000085800000| Untracked 
|  61|0x0000000085900000, 0x0000000085900000, 0x0000000085a00000|  0%| F|  |TAMS 0x0000000085900000, 0x0000000085900000| Untracked 
|  62|0x0000000085a00000, 0x0000000085a00000, 0x0000000085b00000|  0%| F|  |TAMS 0x0000000085a00000, 0x0000000085a00000| Untracked 
|  63|0x0000000085b00000, 0x0000000085b00000, 0x0000000085c00000|  0%| F|  |TAMS 0x0000000085b00000, 0x0000000085b00000| Untracked 
|  64|0x0000000085c00000, 0x0000000085c00000, 0x0000000085d00000|  0%| F|  |TAMS 0x0000000085c00000, 0x0000000085c00000| Untracked 
|  65|0x0000000085d00000, 0x0000000085d00000, 0x0000000085e00000|  0%| F|  |TAMS 0x0000000085d00000, 0x0000000085d00000| Untracked 
|  66|0x0000000085e00000, 0x0000000085e00000, 0x0000000085f00000|  0%| F|  |TAMS 0x0000000085e00000, 0x0000000085e00000| Untracked 
|  67|0x0000000085f00000, 0x0000000085f00000, 0x0000000086000000|  0%| F|  |TAMS 0x0000000085f00000, 0x0000000085f00000| Untracked 
|  68|0x0000000086000000, 0x0000000086000000, 0x0000000086100000|  0%| F|  |TAMS 0x0000000086000000, 0x0000000086000000| Untracked 
|  69|0x0000000086100000, 0x0000000086100000, 0x0000000086200000|  0%| F|  |TAMS 0x0000000086100000, 0x0000000086100000| Untracked 
|  70|0x0000000086200000, 0x0000000086200000, 0x0000000086300000|  0%| F|  |TAMS 0x0000000086200000, 0x0000000086200000| Untracked 
|  71|0x0000000086300000, 0x0000000086300000, 0x0000000086400000|  0%| F|  |TAMS 0x0000000086300000, 0x0000000086300000| Untracked 
|  72|0x0000000086400000, 0x0000000086400000, 0x0000000086500000|  0%| F|  |TAMS 0x0000000086400000, 0x0000000086400000| Untracked 
|  73|0x0000000086500000, 0x0000000086500000, 0x0000000086600000|  0%| F|  |TAMS 0x0000000086500000, 0x0000000086500000| Untracked 
|  74|0x0000000086600000, 0x0000000086600000, 0x0000000086700000|  0%| F|  |TAMS 0x0000000086600000, 0x0000000086600000| Untracked 
|  75|0x0000000086700000, 0x0000000086700000, 0x0000000086800000|  0%| F|  |TAMS 0x0000000086700000, 0x0000000086700000| Untracked 
|  76|0x0000000086800000, 0x0000000086800000, 0x0000000086900000|  0%| F|  |TAMS 0x0000000086800000, 0x0000000086800000| Untracked 
|  77|0x0000000086900000, 0x0000000086900000, 0x0000000086a00000|  0%| F|  |TAMS 0x0000000086900000, 0x0000000086900000| Untracked 
|  78|0x0000000086a00000, 0x0000000086a00000, 0x0000000086b00000|  0%| F|  |TAMS 0x0000000086a00000, 0x0000000086a00000| Untracked 
|  79|0x0000000086b00000, 0x0000000086b00000, 0x0000000086c00000|  0%| F|  |TAMS 0x0000000086b00000, 0x0000000086b00000| Untracked 
|  80|0x0000000086c00000, 0x0000000086c00000, 0x0000000086d00000|  0%| F|  |TAMS 0x0000000086c00000, 0x0000000086c00000| Untracked 
|  81|0x0000000086d00000, 0x0000000086d00000, 0x0000000086e00000|  0%| F|  |TAMS 0x0000000086d00000, 0x0000000086d00000| Untracked 
|  82|0x0000000086e00000, 0x0000000086e00000, 0x0000000086f00000|  0%| F|  |TAMS 0x0000000086e00000, 0x0000000086e00000| Untracked 
|  83|0x0000000086f00000, 0x0000000086f00000, 0x0000000087000000|  0%| F|  |TAMS 0x0000000086f00000, 0x0000000086f00000| Untracked 
|  84|0x0000000087000000, 0x0000000087000000, 0x0000000087100000|  0%| F|  |TAMS 0x0000000087000000, 0x0000000087000000| Untracked 
|  85|0x0000000087100000, 0x0000000087100000, 0x0000000087200000|  0%| F|  |TAMS 0x0000000087100000, 0x0000000087100000| Untracked 
|  86|0x0000000087200000, 0x0000000087200000, 0x0000000087300000|  0%| F|  |TAMS 0x0000000087200000, 0x0000000087200000| Untracked 
|  87|0x0000000087300000, 0x0000000087300000, 0x0000000087400000|  0%| F|  |TAMS 0x0000000087300000, 0x0000000087300000| Untracked 
|  88|0x0000000087400000, 0x0000000087400000, 0x0000000087500000|  0%| F|  |TAMS 0x0000000087400000, 0x0000000087400000| Untracked 
|  89|0x0000000087500000, 0x0000000087500000, 0x0000000087600000|  0%| F|  |TAMS 0x0000000087500000, 0x0000000087500000| Untracked 
|  90|0x0000000087600000, 0x0000000087600000, 0x0000000087700000|  0%| F|  |TAMS 0x0000000087600000, 0x0000000087600000| Untracked 
|  91|0x0000000087700000, 0x0000000087700000, 0x0000000087800000|  0%| F|  |TAMS 0x0000000087700000, 0x0000000087700000| Untracked 
|  92|0x0000000087800000, 0x0000000087800000, 0x0000000087900000|  0%| F|  |TAMS 0x0000000087800000, 0x0000000087800000| Untracked 
|  93|0x0000000087900000, 0x0000000087900000, 0x0000000087a00000|  0%| F|  |TAMS 0x0000000087900000, 0x0000000087900000| Untracked 
|  94|0x0000000087a00000, 0x0000000087a00000, 0x0000000087b00000|  0%| F|  |TAMS 0x0000000087a00000, 0x0000000087a00000| Untracked 
|  95|0x0000000087b00000, 0x0000000087b00000, 0x0000000087c00000|  0%| F|  |TAMS 0x0000000087b00000, 0x0000000087b00000| Untracked 
|  96|0x0000000087c00000, 0x0000000087c00000, 0x0000000087d00000|  0%| F|  |TAMS 0x0000000087c00000, 0x0000000087c00000| Untracked 
|  97|0x0000000087d00000, 0x0000000087d00000, 0x0000000087e00000|  0%| F|  |TAMS 0x0000000087d00000, 0x0000000087d00000| Untracked 
|  98|0x0000000087e00000, 0x0000000087e00000, 0x0000000087f00000|  0%| F|  |TAMS 0x0000000087e00000, 0x0000000087e00000| Untracked 
|  99|0x0000000087f00000, 0x0000000087f00000, 0x0000000088000000|  0%| F|  |TAMS 0x0000000087f00000, 0x0000000087f00000| Untracked 
| 100|0x0000000088000000, 0x0000000088000000, 0x0000000088100000|  0%| F|  |TAMS 0x0000000088000000, 0x0000000088000000| Untracked 
| 101|0x0000000088100000, 0x0000000088100000, 0x0000000088200000|  0%| F|  |TAMS 0x0000000088100000, 0x0000000088100000| Untracked 
| 102|0x0000000088200000, 0x0000000088200000, 0x0000000088300000|  0%| F|  |TAMS 0x0000000088200000, 0x0000000088200000| Untracked 
| 103|0x0000000088300000, 0x0000000088300000, 0x0000000088400000|  0%| F|  |TAMS 0x0000000088300000, 0x0000000088300000| Untracked 
| 104|0x0000000088400000, 0x0000000088400000, 0x0000000088500000|  0%| F|  |TAMS 0x0000000088400000, 0x0000000088400000| Untracked 
| 105|0x0000000088500000, 0x0000000088500000, 0x0000000088600000|  0%| F|  |TAMS 0x0000000088500000, 0x0000000088500000| Untracked 
| 106|0x0000000088600000, 0x0000000088600000, 0x0000000088700000|  0%| F|  |TAMS 0x0000000088600000, 0x0000000088600000| Untracked 
| 107|0x0000000088700000, 0x0000000088700000, 0x0000000088800000|  0%| F|  |TAMS 0x0000000088700000, 0x0000000088700000| Untracked 
| 108|0x0000000088800000, 0x0000000088800000, 0x0000000088900000|  0%| F|  |TAMS 0x0000000088800000, 0x0000000088800000| Untracked 
| 109|0x0000000088900000, 0x0000000088900000, 0x0000000088a00000|  0%| F|  |TAMS 0x0000000088900000, 0x0000000088900000| Untracked 
| 110|0x0000000088a00000, 0x0000000088a00000, 0x0000000088b00000|  0%| F|  |TAMS 0x0000000088a00000, 0x0000000088a00000| Untracked 
| 111|0x0000000088b00000, 0x0000000088b00000, 0x0000000088c00000|  0%| F|  |TAMS 0x0000000088b00000, 0x0000000088b00000| Untracked 
| 112|0x0000000088c00000, 0x0000000088c00000, 0x0000000088d00000|  0%| F|  |TAMS 0x0000000088c00000, 0x0000000088c00000| Untracked 
| 113|0x0000000088d00000, 0x0000000088e00000, 0x0000000088e00000|100%| S|CS|TAMS 0x0000000088d00000, 0x0000000088d00000| Complete 
| 114|0x0000000088e00000, 0x0000000088f00000, 0x0000000088f00000|100%| S|CS|TAMS 0x0000000088e00000, 0x0000000088e00000| Complete 
| 115|0x0000000088f00000, 0x0000000088f00000, 0x0000000089000000|  0%| F|  |TAMS 0x0000000088f00000, 0x0000000088f00000| Untracked 
| 116|0x0000000089000000, 0x0000000089000000, 0x0000000089100000|  0%| F|  |TAMS 0x0000000089000000, 0x0000000089000000| Untracked 
| 117|0x0000000089100000, 0x0000000089100000, 0x0000000089200000|  0%| F|  |TAMS 0x0000000089100000, 0x0000000089100000| Untracked 
| 118|0x0000000089200000, 0x0000000089200000, 0x0000000089300000|  0%| F|  |TAMS 0x0000000089200000, 0x0000000089200000| Untracked 
| 119|0x0000000089300000, 0x0000000089300000, 0x0000000089400000|  0%| F|  |TAMS 0x0000000089300000, 0x0000000089300000| Untracked 
| 120|0x0000000089400000, 0x0000000089400000, 0x0000000089500000|  0%| F|  |TAMS 0x0000000089400000, 0x0000000089400000| Untracked 
| 121|0x0000000089500000, 0x0000000089500000, 0x0000000089600000|  0%| F|  |TAMS 0x0000000089500000, 0x0000000089500000| Untracked 
| 122|0x0000000089600000, 0x0000000089600000, 0x0000000089700000|  0%| F|  |TAMS 0x0000000089600000, 0x0000000089600000| Untracked 
| 123|0x0000000089700000, 0x0000000089700000, 0x0000000089800000|  0%| F|  |TAMS 0x0000000089700000, 0x0000000089700000| Untracked 
| 124|0x0000000089800000, 0x0000000089800000, 0x0000000089900000|  0%| F|  |TAMS 0x0000000089800000, 0x0000000089800000| Untracked 
| 125|0x0000000089900000, 0x0000000089900000, 0x0000000089a00000|  0%| F|  |TAMS 0x0000000089900000, 0x0000000089900000| Untracked 
| 126|0x0000000089a00000, 0x0000000089a00000, 0x0000000089b00000|  0%| F|  |TAMS 0x0000000089a00000, 0x0000000089a00000| Untracked 
| 127|0x0000000089b00000, 0x0000000089b6be90, 0x0000000089c00000| 42%| E|  |TAMS 0x0000000089b00000, 0x0000000089b00000| Complete 

Card table byte_map: [0x000002e2db6f0000,0x000002e2dbaf0000] _byte_map_base: 0x000002e2db2e2000

Marking Bits (Prev, Next): (CMBitMap*) 0x000002e2c40f70b0, (CMBitMap*) 0x000002e2c40f70f0
 Prev Bits: [0x000002e2dbef0000, 0x000002e2dde80000)
 Next Bits: [0x000002e2dde80000, 0x000002e2dfe10000)

Polling page: 0x000002e2c3890000

Metaspace:

Usage:
  Non-class:      6.65 MB capacity,     6.61 MB (>99%) used,    32.75 KB ( <1%) free+waste,     6.56 KB ( <1%) overhead. 
      Class:    883.00 KB capacity,   808.16 KB ( 92%) used,    71.47 KB (  8%) free+waste,     3.38 KB ( <1%) overhead. 
       Both:      7.51 MB capacity,     7.40 MB ( 99%) used,   104.22 KB (  1%) free+waste,     9.94 KB ( <1%) overhead. 

Virtual space:
  Non-class space:        8.00 MB reserved,       6.75 MB ( 84%) committed 
      Class space:        1.00 GB reserved,     896.00 KB ( <1%) committed 
             Both:        1.01 GB reserved,       7.62 MB ( <1%) committed 

Chunk freelists:
   Non-Class:  38.00 KB
       Class:  13.00 KB
        Both:  51.00 KB

MaxMetaspaceSize: 17179869184.00 GB
CompressedClassSpaceSize: 1.00 GB

CodeHeap 'non-profiled nmethods': size=120000Kb used=392Kb max_used=392Kb free=119607Kb
 bounds [0x000002e2d3dc0000, 0x000002e2d4030000, 0x000002e2db2f0000]
CodeHeap 'profiled nmethods': size=120000Kb used=1704Kb max_used=1704Kb free=118295Kb
 bounds [0x000002e2cc890000, 0x000002e2ccb00000, 0x000002e2d3dc0000]
CodeHeap 'non-nmethods': size=5760Kb used=1185Kb max_used=1206Kb free=4574Kb
 bounds [0x000002e2cc2f0000, 0x000002e2cc560000, 0x000002e2cc890000]
 total_blobs=1522 nmethods=1078 adapters=357
 compilation: enabled
              stopped_count=0, restarted_count=0
 full_count=0

Compilation events (20 events):
Event: 2.311 Thread 0x000002e2e22e6040 nmethod 1070 0x000002e2d3e20190 code [0x000002e2d3e20300, 0x000002e2d3e20398]
Event: 2.311 Thread 0x000002e2e22eb700 1071       3       java.lang.Class::privateGetDeclaredConstructors (79 bytes)
Event: 2.312 Thread 0x000002e2e22eb700 nmethod 1071 0x000002e2cca36390 code [0x000002e2cca36580, 0x000002e2cca36a88]
Event: 2.312 Thread 0x000002e2e22eb700 1072       3       jdk.internal.reflect.ReflectionFactory::copyConstructor (11 bytes)
Event: 2.312 Thread 0x000002e2e22eb700 nmethod 1072 0x000002e2cca36c90 code [0x000002e2cca36e40, 0x000002e2cca37028]
Event: 2.312 Thread 0x000002e2e22eb700 1073       3       java.lang.reflect.Constructor::<init> (50 bytes)
Event: 2.312 Thread 0x000002e2e22eb700 nmethod 1073 0x000002e2cca37190 code [0x000002e2cca37360, 0x000002e2cca377d8]
Event: 2.312 Thread 0x000002e2e22eb700 1074       1       java.util.logging.LogManager$LoggerContext::getOwner (5 bytes)
Event: 2.313 Thread 0x000002e2e22eb700 nmethod 1074 0x000002e2d3e20490 code [0x000002e2d3e20620, 0x000002e2d3e206d8]
Event: 2.313 Thread 0x000002e2e22eb700 1075       3       java.util.zip.ZipCoder$UTF8ZipCoder::toString (12 bytes)
Event: 2.313 Thread 0x000002e2e22eb700 nmethod 1075 0x000002e2cca37910 code [0x000002e2cca37ac0, 0x000002e2cca37c48]
Event: 2.313 Thread 0x000002e2e22eb700 1076       3       java.lang.System$2::newStringUTF8NoRepl (7 bytes)
Event: 2.313 Thread 0x000002e2e22eb700 nmethod 1076 0x000002e2cca37d10 code [0x000002e2cca37ec0, 0x000002e2cca37fe8]
Event: 2.313 Thread 0x000002e2e22eb700 1077       3       java.lang.StringCoding::newStringUTF8NoRepl (56 bytes)
Event: 2.313 Thread 0x000002e2e22eb700 nmethod 1077 0x000002e2cca38090 code [0x000002e2cca38280, 0x000002e2cca387a8]
Event: 2.314 Thread 0x000002e2e22eb700 1078       3       java.lang.invoke.DirectMethodHandle::internalMemberName (8 bytes)
Event: 2.314 Thread 0x000002e2e22eb700 nmethod 1078 0x000002e2cca38990 code [0x000002e2cca38b20, 0x000002e2cca38d18]
Event: 2.319 Thread 0x000002e2e22eb700 1079       3       java.io.WinNTFileSystem::normalize (143 bytes)
Event: 2.320 Thread 0x000002e2e22eb700 nmethod 1079 0x000002e2cca38e10 code [0x000002e2cca39080, 0x000002e2cca39bd8]
Event: 2.332 Thread 0x000002e2e2ee2da0 nmethod 1048 0x000002e2d3e20790 code [0x000002e2d3e20920, 0x000002e2d3e21e08]

GC Heap History (2 events):
Event: 2.239 GC heap before
{Heap before GC invocations=0 (full 0):
 garbage-first heap   total 131072K, used 13312K [0x0000000081c00000, 0x0000000100000000)
  region size 1024K, 13 young (13312K), 0 survivors (0K)
 Metaspace       used 7337K, capacity 7469K, committed 7552K, reserved 1056768K
  class space    used 779K, capacity 851K, committed 896K, reserved 1048576K
}
Event: 2.255 GC heap after
{Heap after GC invocations=1 (full 0):
 garbage-first heap   total 131072K, used 2551K [0x0000000081c00000, 0x0000000100000000)
  region size 1024K, 2 young (2048K), 2 survivors (2048K)
 Metaspace       used 7337K, capacity 7469K, committed 7552K, reserved 1056768K
  class space    used 779K, capacity 851K, committed 896K, reserved 1048576K
}

Deoptimization events (20 events):
Event: 2.055 Thread 0x000002e2c40b7830 DEOPT PACKING pc=0x000002e2cc9c0cd8 sp=0x000000fa99efe9f0
Event: 2.055 Thread 0x000002e2c40b7830 DEOPT UNPACKING pc=0x000002e2cc33e23f sp=0x000000fa99efdea8 mode 0
Event: 2.106 Thread 0x000002e2c40b7830 DEOPT PACKING pc=0x000002e2cc9c0cd8 sp=0x000000fa99efe940
Event: 2.106 Thread 0x000002e2c40b7830 DEOPT UNPACKING pc=0x000002e2cc33e23f sp=0x000000fa99efddf8 mode 0
Event: 2.238 Thread 0x000002e2c40b7830 Uncommon trap: trap_request=0xffffffde fr.pc=0x000002e2d3e1ac74 relative=0x00000000000000d4
Event: 2.238 Thread 0x000002e2c40b7830 Uncommon trap: reason=class_check action=maybe_recompile pc=0x000002e2d3e1ac74 method=sun.security.util.math.intpoly.IntegerPolynomial$MutableElement.setValue(Lsun/security/util/math/IntegerModuloP;)Lsun/security/util/math/intpoly/IntegerPolynomial$Mutabl
Event: 2.238 Thread 0x000002e2c40b7830 DEOPT PACKING pc=0x000002e2d3e1ac74 sp=0x000000fa99efe270
Event: 2.238 Thread 0x000002e2c40b7830 DEOPT UNPACKING pc=0x000002e2cc33e42f sp=0x000000fa99efe228 mode 2
Event: 2.238 Thread 0x000002e2c40b7830 Uncommon trap: trap_request=0xffffffde fr.pc=0x000002e2d3e1ac74 relative=0x00000000000000d4
Event: 2.238 Thread 0x000002e2c40b7830 Uncommon trap: reason=class_check action=maybe_recompile pc=0x000002e2d3e1ac74 method=sun.security.util.math.intpoly.IntegerPolynomial$MutableElement.setValue(Lsun/security/util/math/IntegerModuloP;)Lsun/security/util/math/intpoly/IntegerPolynomial$Mutabl
Event: 2.238 Thread 0x000002e2c40b7830 DEOPT PACKING pc=0x000002e2d3e1ac74 sp=0x000000fa99efe270
Event: 2.238 Thread 0x000002e2c40b7830 DEOPT UNPACKING pc=0x000002e2cc33e42f sp=0x000000fa99efe228 mode 2
Event: 2.238 Thread 0x000002e2c40b7830 Uncommon trap: trap_request=0xffffffde fr.pc=0x000002e2d3e1ac74 relative=0x00000000000000d4
Event: 2.238 Thread 0x000002e2c40b7830 Uncommon trap: reason=class_check action=maybe_recompile pc=0x000002e2d3e1ac74 method=sun.security.util.math.intpoly.IntegerPolynomial$MutableElement.setValue(Lsun/security/util/math/IntegerModuloP;)Lsun/security/util/math/intpoly/IntegerPolynomial$Mutabl
Event: 2.238 Thread 0x000002e2c40b7830 DEOPT PACKING pc=0x000002e2d3e1ac74 sp=0x000000fa99efe270
Event: 2.238 Thread 0x000002e2c40b7830 DEOPT UNPACKING pc=0x000002e2cc33e42f sp=0x000000fa99efe228 mode 2
Event: 2.238 Thread 0x000002e2c40b7830 Uncommon trap: trap_request=0xffffffde fr.pc=0x000002e2d3e1ac74 relative=0x00000000000000d4
Event: 2.238 Thread 0x000002e2c40b7830 Uncommon trap: reason=class_check action=maybe_recompile pc=0x000002e2d3e1ac74 method=sun.security.util.math.intpoly.IntegerPolynomial$MutableElement.setValue(Lsun/security/util/math/IntegerModuloP;)Lsun/security/util/math/intpoly/IntegerPolynomial$Mutabl
Event: 2.238 Thread 0x000002e2c40b7830 DEOPT PACKING pc=0x000002e2d3e1ac74 sp=0x000000fa99efe240
Event: 2.238 Thread 0x000002e2c40b7830 DEOPT UNPACKING pc=0x000002e2cc33e42f sp=0x000000fa99efe1f8 mode 2

Classes unloaded (0 events):
No events

Classes redefined (0 events):
No events

Internal exceptions (15 events):
Event: 0.436 Thread 0x000002e2c40b7830 Exception <a 'java/lang/NoSuchMethodError'{0x0000000089aef7e0}: 'void java.lang.invoke.DirectMethodHandle$Holder.invokeStatic(java.lang.Object, java.lang.Object)'> (0x0000000089aef7e0) 
thrown [./open/src/hotspot/share/interpreter/linkResolver.cpp, line 782]
Event: 0.437 Thread 0x000002e2c40b7830 Exception <a 'java/lang/NoSuchMethodError'{0x0000000089af3488}: 'void java.lang.invoke.DirectMethodHandle$Holder.invokeStaticInit(java.lang.Object, java.lang.Object)'> (0x0000000089af3488) 
thrown [./open/src/hotspot/share/interpreter/linkResolver.cpp, line 782]
Event: 0.900 Thread 0x000002e2c40b7830 Exception <a 'java/lang/NoSuchMethodError'{0x0000000089838270}: 'void java.lang.invoke.DirectMethodHandle$Holder.invokeSpecial(java.lang.Object, java.lang.Object, java.lang.Object)'> (0x0000000089838270) 
thrown [./open/src/hotspot/share/interpreter/linkResolver.cpp, line 782]
Event: 0.941 Thread 0x000002e2c40b7830 Exception <a 'java/lang/NoSuchMethodError'{0x000000008984f900}: 'void java.lang.invoke.DirectMethodHandle$Holder.invokeSpecial(java.lang.Object, java.lang.Object, java.lang.Object, java.lang.Object, java.lang.Object)'> (0x000000008984f900) 
thrown [./open/src/hotspot/share/interpreter/linkResolver.cpp, line 782]
Event: 0.956 Thread 0x000002e2c40b7830 Exception <a 'java/lang/NoSuchMethodError'{0x0000000089860690}: 'java.lang.Object java.lang.invoke.DirectMethodHandle$Holder.invokeInterface(java.lang.Object, java.lang.Object)'> (0x0000000089860690) 
thrown [./open/src/hotspot/share/interpreter/linkResolver.cpp, line 782]
Event: 0.957 Thread 0x000002e2c40b7830 Exception <a 'java/lang/IncompatibleClassChangeError'{0x0000000089863de0}: Found class java.lang.Object, but interface was expected> (0x0000000089863de0) 
thrown [./open/src/hotspot/share/interpreter/linkResolver.cpp, line 848]
Event: 0.958 Thread 0x000002e2c40b7830 Exception <a 'java/lang/NoSuchMethodError'{0x0000000089866dd8}: 'void java.lang.invoke.DirectMethodHandle$Holder.invokeStatic(java.lang.Object, java.lang.Object, java.lang.Object, java.lang.Object)'> (0x0000000089866dd8) 
thrown [./open/src/hotspot/share/interpreter/linkResolver.cpp, line 782]
Event: 1.476 Thread 0x000002e2c40b7830 Exception <a 'java/lang/NoSuchMethodError'{0x00000000894fa400}: 'java.lang.Object java.lang.invoke.DirectMethodHandle$Holder.invokeStatic(java.lang.Object)'> (0x00000000894fa400) 
thrown [./open/src/hotspot/share/interpreter/linkResolver.cpp, line 782]
Event: 1.476 Thread 0x000002e2c40b7830 Exception <a 'java/lang/NoSuchMethodError'{0x00000000894fda70}: 'java.lang.Object java.lang.invoke.DirectMethodHandle$Holder.invokeStaticInit(java.lang.Object)'> (0x00000000894fda70) 
thrown [./open/src/hotspot/share/interpreter/linkResolver.cpp, line 782]
Event: 1.606 Thread 0x000002e2c40b7830 Exception <a 'java/lang/NoSuchMethodError'{0x00000000893a0e10}: 'java.lang.Object java.lang.invoke.DirectMethodHandle$Holder.invokeStaticInit(java.lang.Object, int, int, int, int)'> (0x00000000893a0e10) 
thrown [./open/src/hotspot/share/interpreter/linkResolver.cpp, line 782]
Event: 1.608 Thread 0x000002e2c40b7830 Exception <a 'sun/nio/fs/WindowsException'{0x00000000893a7658}> (0x00000000893a7658) 
thrown [./open/src/hotspot/share/prims/jni.cpp, line 578]
Event: 1.634 Thread 0x000002e2c40b7830 Exception <a 'java/lang/NoSuchMethodError'{0x00000000893d1930}: 'int java.lang.invoke.DirectMethodHandle$Holder.invokeStaticInit(java.lang.Object, java.lang.Object, java.lang.Object, java.lang.Object)'> (0x00000000893d1930) 
thrown [./open/src/hotspot/share/interpreter/linkResolver.cpp, line 782]
Event: 1.636 Thread 0x000002e2c40b7830 Exception <a 'java/lang/IncompatibleClassChangeError'{0x00000000893db350}: Found class java.lang.Object, but interface was expected> (0x00000000893db350) 
thrown [./open/src/hotspot/share/interpreter/linkResolver.cpp, line 848]
Event: 1.637 Thread 0x000002e2c40b7830 Exception <a 'java/lang/NoSuchMethodError'{0x00000000893e0ab0}: 'int java.lang.invoke.DirectMethodHandle$Holder.invokeStaticInit(java.lang.Object, java.lang.Object)'> (0x00000000893e0ab0) 
thrown [./open/src/hotspot/share/interpreter/linkResolver.cpp, line 782]
Event: 1.926 Thread 0x000002e2c40b7830 Exception <a 'java/lang/NoSuchMethodError'{0x0000000089051230}: 'java.lang.Object java.lang.invoke.DirectMethodHandle$Holder.invokeStaticInit(java.lang.Object, java.lang.Object, int, int, int, int)'> (0x0000000089051230) 
thrown [./open/src/hotspot/share/interpreter/linkResolver.cpp, line 782]

Events (20 events):
Event: 2.301 loading class javax/crypto/Mac done
Event: 2.303 loading class com/sun/crypto/provider/HmacSHA1
Event: 2.303 loading class com/sun/crypto/provider/HmacCore
Event: 2.303 loading class javax/crypto/MacSpi
Event: 2.303 loading class javax/crypto/MacSpi done
Event: 2.303 loading class com/sun/crypto/provider/HmacCore done
Event: 2.303 loading class com/sun/crypto/provider/HmacSHA1 done
Event: 2.303 loading class sun/security/ssl/SSLCipher$T10BlockWriteCipherGenerator$BlockWriteCipher
Event: 2.304 loading class sun/security/ssl/SSLCipher$T10BlockWriteCipherGenerator$BlockWriteCipher done
Event: 2.309 loading class sun/security/ssl/SSLCipher$T10BlockReadCipherGenerator$BlockReadCipher
Event: 2.309 loading class sun/security/ssl/SSLCipher$T10BlockReadCipherGenerator$BlockReadCipher done
Event: 2.310 loading class java/lang/StrictMath
Event: 2.311 loading class java/lang/StrictMath done
Event: 2.311 loading class jdk/internal/event/TLSHandshakeEvent
Event: 2.312 loading class jdk/internal/event/TLSHandshakeEvent done
Event: 2.312 loading class javax/net/ssl/SSLEngineResult$HandshakeStatus
Event: 2.312 loading class javax/net/ssl/SSLEngineResult$HandshakeStatus done
Event: 2.323 Loaded shared library C:\Users\estev\eclipse-workspace\ExercicioJDBC\sqljdbc_auth.dll
Event: 2.347 loading class java/net/InetAddress$CachedLocalHost
Event: 2.347 loading class java/net/InetAddress$CachedLocalHost done


Dynamic libraries:
0x00007ff6c6510000 - 0x00007ff6c651f000 	C:\Program Files\Java\jdk-15.0.1\bin\javaw.exe
0x00007ff84ddb0000 - 0x00007ff84dfa5000 	C:\WINDOWS\SYSTEM32\ntdll.dll
0x00007ff846630000 - 0x00007ff846642000 	C:\Program Files\Avast Software\Avast\aswhook.dll
0x00007ff84dc80000 - 0x00007ff84dd3d000 	C:\WINDOWS\System32\KERNEL32.DLL
0x00007ff84b810000 - 0x00007ff84bad9000 	C:\WINDOWS\System32\KERNELBASE.dll
0x00007ff84bb10000 - 0x00007ff84bc10000 	C:\WINDOWS\System32\ucrtbase.dll
0x00007ff830010000 - 0x00007ff830028000 	C:\Program Files\Java\jdk-15.0.1\bin\jli.dll
0x00007ff84c5a0000 - 0x00007ff84c64c000 	C:\WINDOWS\System32\ADVAPI32.dll
0x00007ff84cc30000 - 0x00007ff84ccce000 	C:\WINDOWS\System32\msvcrt.dll
0x00007ff84da10000 - 0x00007ff84daac000 	C:\WINDOWS\System32\sechost.dll
0x00007ff84c7a0000 - 0x00007ff84c8cb000 	C:\WINDOWS\System32\RPCRT4.dll
0x00007ff84dae0000 - 0x00007ff84dc80000 	C:\WINDOWS\System32\USER32.dll
0x00007ff84bae0000 - 0x00007ff84bb02000 	C:\WINDOWS\System32\win32u.dll
0x00007ff82fd10000 - 0x00007ff82fd29000 	C:\Program Files\Java\jdk-15.0.1\bin\VCRUNTIME140.dll
0x00007ff84dab0000 - 0x00007ff84dada000 	C:\WINDOWS\System32\GDI32.dll
0x00007ff84b620000 - 0x00007ff84b72b000 	C:\WINDOWS\System32\gdi32full.dll
0x00007ff84bd70000 - 0x00007ff84be0d000 	C:\WINDOWS\System32\msvcp_win.dll
0x00007ff83e610000 - 0x00007ff83e8aa000 	C:\WINDOWS\WinSxS\amd64_microsoft.windows.common-controls_6595b64144ccf1df_6.0.19041.844_none_ca00b6081b84eb1d\COMCTL32.dll
0x00007ff844850000 - 0x00007ff84485a000 	C:\WINDOWS\SYSTEM32\VERSION.dll
0x00007ff84dd40000 - 0x00007ff84dd70000 	C:\WINDOWS\System32\IMM32.DLL
0x00007ff83ec40000 - 0x00007ff83ec4c000 	C:\Program Files\Java\jdk-15.0.1\bin\vcruntime140_1.dll
0x00007ff8126d0000 - 0x00007ff812761000 	C:\Program Files\Java\jdk-15.0.1\bin\msvcp140.dll
0x00007fffe0f90000 - 0x00007fffe1aee000 	C:\Program Files\Java\jdk-15.0.1\bin\server\jvm.dll
0x00007ff84ccd0000 - 0x00007ff84ccd8000 	C:\WINDOWS\System32\PSAPI.DLL
0x00007ff83be20000 - 0x00007ff83be29000 	C:\WINDOWS\SYSTEM32\WSOCK32.dll
0x00007ff84c730000 - 0x00007ff84c79b000 	C:\WINDOWS\System32\WS2_32.dll
0x00007ff840150000 - 0x00007ff840177000 	C:\WINDOWS\SYSTEM32\WINMM.dll
0x00007ff849370000 - 0x00007ff849382000 	C:\WINDOWS\SYSTEM32\kernel.appcore.dll
0x00007ff8442c0000 - 0x00007ff8442ca000 	C:\Program Files\Java\jdk-15.0.1\bin\jimage.dll
0x00007ff8452d0000 - 0x00007ff8454b4000 	C:\WINDOWS\SYSTEM32\DBGHELP.DLL
0x00007ff841f60000 - 0x00007ff841f8c000 	C:\WINDOWS\SYSTEM32\dbgcore.DLL
0x00007ff84b540000 - 0x00007ff84b5c0000 	C:\WINDOWS\System32\bcryptPrimitives.dll
0x00007ff83ede0000 - 0x00007ff83ee05000 	C:\Program Files\Java\jdk-15.0.1\bin\java.dll
0x00007ff84d2c0000 - 0x00007ff84da02000 	C:\WINDOWS\System32\SHELL32.dll
0x00007ff849650000 - 0x00007ff849de0000 	C:\WINDOWS\SYSTEM32\windows.storage.dll
0x00007ff84c8d0000 - 0x00007ff84cc25000 	C:\WINDOWS\System32\combase.dll
0x00007ff84af60000 - 0x00007ff84af8c000 	C:\WINDOWS\SYSTEM32\Wldp.dll
0x00007ff84d210000 - 0x00007ff84d2be000 	C:\WINDOWS\System32\SHCORE.dll
0x00007ff84c360000 - 0x00007ff84c3b5000 	C:\WINDOWS\System32\shlwapi.dll
0x00007ff84b430000 - 0x00007ff84b44f000 	C:\WINDOWS\SYSTEM32\profapi.dll
0x00007ff83edc0000 - 0x00007ff83edd9000 	C:\Program Files\Java\jdk-15.0.1\bin\net.dll
0x00007ff841970000 - 0x00007ff841a7c000 	C:\WINDOWS\SYSTEM32\WINHTTP.dll
0x00007ff84ac70000 - 0x00007ff84acda000 	C:\WINDOWS\system32\mswsock.dll
0x00007ff83eda0000 - 0x00007ff83edb2000 	C:\Program Files\Java\jdk-15.0.1\bin\nio.dll
0x00007ff83ecf0000 - 0x00007ff83ed08000 	C:\Program Files\Java\jdk-15.0.1\bin\zip.dll
0x00007ff84a940000 - 0x00007ff84aa0b000 	C:\WINDOWS\SYSTEM32\DNSAPI.dll
0x00007ff84a900000 - 0x00007ff84a93b000 	C:\WINDOWS\SYSTEM32\IPHLPAPI.DLL
0x00007ff84d200000 - 0x00007ff84d208000 	C:\WINDOWS\System32\NSI.dll
0x00007ff83dac0000 - 0x00007ff83daca000 	C:\Windows\System32\rasadhlp.dll
0x00007ff83f980000 - 0x00007ff83f9ff000 	C:\WINDOWS\System32\fwpuclnt.dll
0x00007ff84b730000 - 0x00007ff84b757000 	C:\WINDOWS\System32\bcrypt.dll
0x00007ff84ae50000 - 0x00007ff84ae68000 	C:\WINDOWS\SYSTEM32\CRYPTSP.dll
0x00007ff84a5b0000 - 0x00007ff84a5e4000 	C:\WINDOWS\system32\rsaenh.dll
0x00007ff84b3f0000 - 0x00007ff84b41e000 	C:\WINDOWS\SYSTEM32\USERENV.dll
0x00007ff84ae40000 - 0x00007ff84ae4c000 	C:\WINDOWS\SYSTEM32\CRYPTBASE.dll
0x00007ff843670000 - 0x00007ff843687000 	C:\WINDOWS\SYSTEM32\dhcpcsvc6.DLL
0x00007ff843d10000 - 0x00007ff843d2d000 	C:\WINDOWS\SYSTEM32\dhcpcsvc.DLL
0x00007ff842730000 - 0x00007ff84273d000 	C:\Program Files\Java\jdk-15.0.1\bin\sunmscapi.dll
0x00007ff84bc10000 - 0x00007ff84bd6f000 	C:\WINDOWS\System32\CRYPT32.dll
0x00007ff84afd0000 - 0x00007ff84aff7000 	C:\WINDOWS\SYSTEM32\ncrypt.dll
0x00007ff84af90000 - 0x00007ff84afcb000 	C:\WINDOWS\SYSTEM32\NTASN1.dll
0x00007ff81e6f0000 - 0x00007ff81e73b000 	C:\Users\estev\eclipse-workspace\ExercicioJDBC\sqljdbc_auth.dll
0x00007ff84c3c0000 - 0x00007ff84c4ea000 	C:\WINDOWS\System32\ole32.dll
0x00007ff83be10000 - 0x00007ff83be1c000 	C:\WINDOWS\system32\secur32.dll
0x00007ff84b3b0000 - 0x00007ff84b3ec000 	C:\WINDOWS\SYSTEM32\SSPICLI.DLL
0x00007ff84ad30000 - 0x00007ff84ae3b000 	C:\WINDOWS\system32\kerberos.DLL
0x00007ff84b0e0000 - 0x00007ff84b0f2000 	C:\WINDOWS\SYSTEM32\MSASN1.dll
0x00007ff84abe0000 - 0x00007ff84ac6d000 	C:\WINDOWS\system32\msv1_0.DLL
0x00007ff84abc0000 - 0x00007ff84abd3000 	C:\WINDOWS\SYSTEM32\NtlmShared.dll
0x00007ff84ace0000 - 0x00007ff84acf5000 	C:\WINDOWS\SYSTEM32\cryptdll.dll
0x00007ff827180000 - 0x00007ff8271aa000 	C:\WINDOWS\system32\ntdsapi.dll
0x00007ff838090000 - 0x00007ff8380a7000 	C:\WINDOWS\system32\napinsp.dll
0x00007ff835c80000 - 0x00007ff835c9b000 	C:\WINDOWS\system32\pnrpnsp.dll
0x00007ff8356d0000 - 0x00007ff8356e5000 	C:\WINDOWS\system32\wshbth.dll
0x00007ff846d70000 - 0x00007ff846d8d000 	C:\WINDOWS\system32\NLAapi.dll
0x00007ff835610000 - 0x00007ff835622000 	C:\WINDOWS\System32\winrnr.dll

dbghelp: loaded successfully - version: 4.0.5 - missing functions: none
symbol engine: initialized successfully - sym options: 0x614 - pdb path: .;C:\Program Files\Java\jdk-15.0.1\bin;C:\WINDOWS\SYSTEM32;C:\Program Files\Avast Software\Avast;C:\WINDOWS\WinSxS\amd64_microsoft.windows.common-controls_6595b64144ccf1df_6.0.19041.844_none_ca00b6081b84eb1d;C:\Program Files\Java\jdk-15.0.1\bin\server;C:\Users\estev\eclipse-workspace\ExercicioJDBC

VM Arguments:
jvm_args: -Dfile.encoding=Cp1252 --module-path=C:\Users\estev\Downloads\sqljdbc4.jar -XX:+ShowCodeDetailsInExceptionMessages 
java_command: br.com.etec.exerciciojdbc.teste.TestaConexao
java_class_path (initial): C:\Users\estev\eclipse-workspace\ExercicioJDBC\bin;C:\Users\estev\Downloads\sqljdbc42.jar;C:\Users\estev\Downloads\jaxb-api-2.3.1.jar
Launcher Type: SUN_STANDARD

[Global flags]
     intx CICompilerCount                          = 3                                         {product} {ergonomic}
     uint ConcGCThreads                            = 1                                         {product} {ergonomic}
     uint G1ConcRefinementThreads                  = 4                                         {product} {ergonomic}
   size_t G1HeapRegionSize                         = 1048576                                   {product} {ergonomic}
    uintx GCDrainStackTargetSize                   = 64                                        {product} {ergonomic}
   size_t InitialHeapSize                          = 134217728                                 {product} {ergonomic}
   size_t MarkStackSize                            = 4194304                                   {product} {ergonomic}
   size_t MaxHeapSize                              = 2118123520                                {product} {ergonomic}
   size_t MaxNewSize                               = 1270874112                                {product} {ergonomic}
   size_t MinHeapDeltaBytes                        = 1048576                                   {product} {ergonomic}
   size_t MinHeapSize                              = 8388608                                   {product} {ergonomic}
    uintx NonNMethodCodeHeapSize                   = 5832780                                {pd product} {ergonomic}
    uintx NonProfiledCodeHeapSize                  = 122912730                              {pd product} {ergonomic}
    uintx ProfiledCodeHeapSize                     = 122912730                              {pd product} {ergonomic}
    uintx ReservedCodeCacheSize                    = 251658240                              {pd product} {ergonomic}
     bool SegmentedCodeCache                       = true                                      {product} {ergonomic}
     bool ShowCodeDetailsInExceptionMessages       = true                                   {manageable} {command line}
   size_t SoftMaxHeapSize                          = 2118123520                             {manageable} {ergonomic}
     bool UseCompressedClassPointers               = true                                 {lp64_product} {ergonomic}
     bool UseCompressedOops                        = true                                 {lp64_product} {ergonomic}
     bool UseG1GC                                  = true                                      {product} {ergonomic}
     bool UseLargePagesIndividualAllocation        = false                                  {pd product} {ergonomic}

Logging:
Log output configuration:
 #0: stdout all=warning uptime,level,tags
 #1: stderr all=off uptime,level,tags

Environment Variables:
PATH=C:/Program Files/Java/jdk-15.0.1/bin/server;C:/Program Files/Java/jdk-15.0.1/bin;C:\Program Files\Python39\Scripts\;C:\Program Files\Python39\;C:\Program Files\Common Files\Oracle\Java\javapath;C:\Program Files (x86)\Common Files\Oracle\Java\javapath;C:\WINDOWS\system32;C:\WINDOWS;C:\WINDOWS\System32\Wbem;C:\WINDOWS\System32\WindowsPowerShell\v1.0\;C:\WINDOWS\System32\OpenSSH\;C:\Program Files\dotnet\;C:\Program Files\Microsoft SQL Server\130\Tools\Binn\;C:\Program Files\Microsoft SQL Server\Client SDK\ODBC\170\Tools\Binn\;C:\Program Files\nodejs\;C:\Program Files\Git\cmd;C:\Program Files (x86)\Microsoft SQL Server\150\Tools\Binn\;C:\Program Files\Microsoft SQL Server\150\Tools\Binn\;C:\Program Files\Microsoft SQL Server\150\DTS\Binn\;C:\Program Files\Azure Data Studio\bin;C:\Program Files (x86)\Microsoft SQL Server\150\DTS\Binn\;C:\Users\estev\AppData\Local\Microsoft\WindowsApps;C:\Users\estev\AppData\Local\Programs\Microsoft VS Code\bin;C:\Users\estev\.dotnet\tools;C:\Users\estev\AppData\Roaming\npm;C:\Program Files\Azure Data Studio\bin;C:\Program Files\JetBrains\PyCharm Community Edition 2020.3.4\bin;;C:\Users\estev\AppData\Local\GitHubDesktop\bin;C:\Users\estev\eclipse\jee-2020-12\eclipse;
USERNAME=estev
OS=Windows_NT
PROCESSOR_IDENTIFIER=Intel64 Family 6 Model 69 Stepping 1, GenuineIntel



---------------  S Y S T E M  ---------------

OS:
 Windows 10 , 64 bit Build 19041 (10.0.19041.804)
OS uptime: 3 days 1:29 hours

CPU: total 4 (initial active 4) (2 cores per cpu, 2 threads per core) family 6 model 69 stepping 1 microcode 0x26, cmov, cx8, fxsr, mmx, sse, sse2, sse3, ssse3, sse4.1, sse4.2, popcnt, vzeroupper, avx, avx2, aes, clmul, erms, lzcnt, ht, tsc, tscinvbit, bmi1, bmi2, fma, clflush

Memory: 4k page, system-wide physical 8072M (935M free)
TotalPageFile size 17084M (AvailPageFile size 6110M)
current process WorkingSet (physical memory assigned to process): 69M, peak: 69M
current process commit charge ("private bytes"): 218M, peak: 218M

vm_info: Java HotSpot(TM) 64-Bit Server VM (15.0.1+9-18) for windows-amd64 JRE (15.0.1+9-18), built on Sep 15 2020 14:43:54 by "mach5one" with unknown MS VC++:1925

END.
