#
# A fatal error has been detected by the Java Runtime Environment:
#
#  EXCEPTION_ACCESS_VIOLATION (0xc0000005) at pc=0x00007fffe1332333, pid=9308, tid=14580
#
# JRE version: Java(TM) SE Runtime Environment (15.0.1+9) (build 15.0.1+9-18)
# Java VM: Java HotSpot(TM) 64-Bit Server VM (15.0.1+9-18, mixed mode, sharing, tiered, compressed oops, g1 gc, windows-amd64)
# Problematic frame:
# V  [jvm.dll+0x3a2333]
#
# No core dump will be written. Minidumps are not enabled by default on client versions of Windows
#
# If you would like to submit a bug report, please visit:
#   https://bugreport.java.com/bugreport/crash.jsp
#

---------------  S U M M A R Y ------------

Command Line: -Dfile.encoding=Cp1252 --module-path=C:\Users\estev\Downloads\sqljdbc4.jar -XX:+ShowCodeDetailsInExceptionMessages br.com.etec.exerciciojdbc.teste.TestaConexao

Host: Intel(R) Core(TM) i7-4500U CPU @ 1.80GHz, 4 cores, 7G,  Windows 10 , 64 bit Build 19041 (10.0.19041.804)
Time: Thu Apr  8 20:27:07 2021 Hora oficial do Brasil elapsed time: 2.312777 seconds (0d 0h 0m 2s)

---------------  T H R E A D  ---------------

Current thread (0x000001c8362656d0):  JavaThread "main" [_thread_in_vm, id=14580, stack(0x00000038d9800000,0x00000038d9900000)]

Stack: [0x00000038d9800000,0x00000038d9900000],  sp=0x00000038d98fea90,  free space=1018k
Native frames: (J=compiled Java code, j=interpreted, Vv=VM code, C=native code)
V  [jvm.dll+0x3a2333]
C  [sqljdbc_auth.dll+0x6777]

Java frames: (J=compiled Java code, j=interpreted, Vv=VM code)
j  com.microsoft.sqlserver.jdbc.AuthenticationJNI.SNISecGenClientContext([B[I[BI[B[I[ZLjava/lang/String;Ljava/lang/String;Ljava/lang/String;Ljava/util/logging/Logger;)I+0 sqljdbc4
j  com.microsoft.sqlserver.jdbc.AuthenticationJNI.GenerateClientContext([BI[B[I[Z)I+24 sqljdbc4
j  com.microsoft.sqlserver.jdbc.SQLServerConnection.SSPIData([B[B[I[ZLcom/microsoft/sqlserver/jdbc/AuthenticationJNI;)V+13 sqljdbc4
j  com.microsoft.sqlserver.jdbc.SQLServerConnection.sendLogon(Lcom/microsoft/sqlserver/jdbc/SQLServerConnection$LogonCommand;Lcom/microsoft/sqlserver/jdbc/AuthenticationJNI;)V+155 sqljdbc4
j  com.microsoft.sqlserver.jdbc.SQLServerConnection.logon(Lcom/microsoft/sqlserver/jdbc/SQLServerConnection$LogonCommand;)V+20 sqljdbc4
j  com.microsoft.sqlserver.jdbc.SQLServerConnection.access$000(Lcom/microsoft/sqlserver/jdbc/SQLServerConnection;Lcom/microsoft/sqlserver/jdbc/SQLServerConnection$LogonCommand;)V+2 sqljdbc4
j  com.microsoft.sqlserver.jdbc.SQLServerConnection$LogonCommand.doExecute()Z+5 sqljdbc4
j  com.microsoft.sqlserver.jdbc.TDSCommand.execute(Lcom/microsoft/sqlserver/jdbc/TDSWriter;Lcom/microsoft/sqlserver/jdbc/TDSReader;)Z+30 sqljdbc4
j  com.microsoft.sqlserver.jdbc.SQLServerConnection.executeCommand(Lcom/microsoft/sqlserver/jdbc/TDSCommand;)Z+45 sqljdbc4
j  com.microsoft.sqlserver.jdbc.SQLServerConnection.connectHelper(Lcom/microsoft/sqlserver/jdbc/ServerPortPlaceHolder;II)V+284 sqljdbc4
j  com.microsoft.sqlserver.jdbc.SQLServerConnection.login(Ljava/lang/String;Ljava/lang/String;ILjava/lang/String;Lcom/microsoft/sqlserver/jdbc/FailoverInfo;IJ)V+399 sqljdbc4
j  com.microsoft.sqlserver.jdbc.SQLServerConnection.connect(Ljava/util/Properties;Lcom/microsoft/sqlserver/jdbc/SQLServerPooledConnection;)Ljava/sql/Connection;+1929 sqljdbc4
j  com.microsoft.sqlserver.jdbc.SQLServerDriver.connect(Ljava/lang/String;Ljava/util/Properties;)Ljava/sql/Connection;+45 sqljdbc4
j  java.sql.DriverManager.getConnection(Ljava/lang/String;Ljava/util/Properties;Ljava/lang/Class;)Ljava/sql/Connection;+131 java.sql@15.0.1
j  java.sql.DriverManager.getConnection(Ljava/lang/String;)Ljava/sql/Connection;+13 java.sql@15.0.1
j  br.com.etec.exerciciojdbc.dao.ConnectionFactory.getConnection()Ljava/sql/Connection;+4
j  br.com.etec.exerciciojdbc.teste.TestaConexao.main([Ljava/lang/String;)V+7
v  ~StubRoutines::call_stub

siginfo: EXCEPTION_ACCESS_VIOLATION (0xc0000005), reading address 0x0000000000000008


Register to memory mapping:

RIP=0x00007fffe1332333 jvm.dll
RAX=0x0 is NULL
RBX=0x000001c8362656d0 is a thread
RCX=0x00000038d98feda0 is pointing into the stack for thread: 0x000001c8362656d0
RDX=0x00000038d98feda0 is pointing into the stack for thread: 0x000001c8362656d0
RSP=0x00000038d98fea90 is pointing into the stack for thread: 0x000001c8362656d0
RBP=0x000001c8362659f8 points into unknown readable memory: 0x00007fffe198de40 | 40 de 98 e1 ff 7f 00 00
RSI=0x00000038d98feda0 is pointing into the stack for thread: 0x000001c8362656d0
RDI=0x0 is NULL
R8 =0x0000000000000002 is an unknown value
R9 =0x0 is NULL
R10=0x00007ff82fd3d110 sqljdbc_auth.dll
R11=0x0000000089b56cb0 is pointing into object: [B 
{0x0000000089b56ca0} - klass: {type array byte}
 - length: 47
R12=0x00000038d98fee20 is pointing into the stack for thread: 0x000001c8362656d0
R13=0x0 is NULL
R14=0x00000038d98fee18 is pointing into the stack for thread: 0x000001c8362656d0
R15=0x0 is NULL


Registers:
RAX=0x0000000000000000, RBX=0x000001c8362656d0, RCX=0x00000038d98feda0, RDX=0x00000038d98feda0
RSP=0x00000038d98fea90, RBP=0x000001c8362659f8, RSI=0x00000038d98feda0, RDI=0x0000000000000000
R8 =0x0000000000000002, R9 =0x0000000000000000, R10=0x00007ff82fd3d110, R11=0x0000000089b56cb0
R12=0x00000038d98fee20, R13=0x0000000000000000, R14=0x00000038d98fee18, R15=0x0000000000000000
RIP=0x00007fffe1332333, EFLAGS=0x0000000000010202

Top of Stack: (sp=0x00000038d98fea90)
0x00000038d98fea90:   00000038d98fee18 000001c8362656d0
0x00000038d98feaa0:   00007ff82fd3d110 00007ff82fd3d110
0x00000038d98feab0:   000001c8362656d0 0000000000000000
0x00000038d98feac0:   0000000000000000 0000000000000000
0x00000038d98fead0:   000001c83632d2b0 00007ff82fd16777
0x00000038d98feae0:   000001c8362659f8 00000038d98febe0
0x00000038d98feaf0:   00000038d98feda0 0000000000000000
0x00000038d98feb00:   0000000000000000 0000000000000000
0x00000038d98feb10:   0000000000000000 0000000000000000
0x00000038d98feb20:   0000000000000000 0000000000000000
0x00000038d98feb30:   000001c802000000 00000038d98fea40
0x00000038d98feb40:   0000000000000000 0000000000000000
0x00000038d98feb50:   000001c800000000 0000000000000400
0x00000038d98feb60:   0000000000000000 0000000000000000
0x00000038d98feb70:   00000038d98fede8 0000000000000000
0x00000038d98feb80:   00000038d98fee00 00000038d98fedf8 

Instructions: (pc=0x00007fffe1332333)
0x00007fffe1332233:   cb e8 47 aa 2e 00 48 8b c6 c7 83 98 03 00 00 04
0x00007fffe1332243:   00 00 00 48 8b b4 24 c0 00 00 00 48 81 c4 d0 00
0x00007fffe1332253:   00 00 5b c3 cc cc cc cc cc cc cc cc cc 48 89 5c
0x00007fffe1332263:   24 08 48 89 6c 24 10 48 89 74 24 18 57 48 83 ec
0x00007fffe1332273:   40 8b 81 88 00 00 00 48 8d 99 d8 fc ff ff 05 55
0x00007fffe1332283:   21 ff ff 33 ff 48 8b f2 48 8b e9 83 f8 01 76 0a
0x00007fffe1332293:   48 8b cb e8 e5 b2 39 00 8b df c7 83 98 03 00 00
0x00007fffe13322a3:   05 00 00 00 e8 44 a5 27 00 48 8b 03 48 8b cb ff
0x00007fffe13322b3:   50 38 84 c0 74 0e 48 8b 83 10 01 00 00 c0 e8 03
0x00007fffe13322c3:   24 01 eb 0b 8b 05 43 a4 6f 00 85 c0 0f 95 c0 84
0x00007fffe13322d3:   c0 75 0d 8b 83 e0 00 00 00 a9 04 00 00 20 74 08
0x00007fffe13322e3:   48 8b cb e8 15 b9 39 00 c7 83 98 03 00 00 06 00
0x00007fffe13322f3:   00 00 48 89 5c 24 20 48 89 7c 24 28 48 39 7b 08
0x00007fffe1332303:   74 0a 48 8d 4c 24 20 e8 d1 45 2b 00 40 f6 c6 01
0x00007fffe1332313:   74 0c 48 8d 4e ff ff 15 89 94 65 00 eb 09 48 8b
0x00007fffe1332323:   ce ff 15 de 1c 65 00 40 38 3d b0 0c 6e 00 74 15
0x00007fffe1332333:   8b 40 08 8b 0d e4 96 65 00 48 d3 e0 48 03 05 d2
0x00007fffe1332343:   96 65 00 eb 04 48 8b 40 08 48 8b 48 70 48 85 c9
0x00007fffe1332353:   74 09 ff 15 ad 1c 65 00 48 8b f8 48 8b d7 48 8b
0x00007fffe1332363:   cd e8 d7 4d 03 00 48 83 7c 24 28 00 48 8b f0 74
0x00007fffe1332373:   0a 48 8d 4c 24 20 e8 02 46 2b 00 48 8b bb f8 00
0x00007fffe1332383:   00 00 48 8b 4f 10 48 83 39 00 74 0c 48 8b cf e8
0x00007fffe1332393:   f9 23 f7 ff 48 8b 4f 10 48 8b 47 08 48 89 48 10
0x00007fffe13323a3:   48 8b 4f 08 48 8b 47 18 48 89 41 18 48 8b 4f 08
0x00007fffe13323b3:   48 8b 47 20 48 89 41 20 c7 83 98 03 00 00 07 00
0x00007fffe13323c3:   00 00 e8 26 a4 27 00 48 8b 83 10 01 00 00 c0 e8
0x00007fffe13323d3:   03 a8 01 74 08 48 8b cb e8 a0 a8 2e 00 48 8b 6c
0x00007fffe13323e3:   24 58 48 8b c6 48 8b 74 24 60 c7 83 98 03 00 00
0x00007fffe13323f3:   04 00 00 00 48 8b 5c 24 50 48 83 c4 40 5f c3 cc
0x00007fffe1332403:   cc cc cc cc cc cc cc cc cc cc cc cc cc 48 89 5c
0x00007fffe1332413:   24 08 48 89 6c 24 10 48 89 74 24 18 57 48 83 ec
0x00007fffe1332423:   20 8b 81 88 00 00 00 48 8d 99 d8 fc ff ff 05 55 


Stack slot to memory mapping:
stack at sp + 0 slots: 0x00000038d98fee18 is pointing into the stack for thread: 0x000001c8362656d0
stack at sp + 1 slots: 0x000001c8362656d0 is a thread
stack at sp + 2 slots: 0x00007ff82fd3d110 sqljdbc_auth.dll
stack at sp + 3 slots: 0x00007ff82fd3d110 sqljdbc_auth.dll
stack at sp + 4 slots: 0x000001c8362656d0 is a thread
stack at sp + 5 slots: 0x0 is NULL
stack at sp + 6 slots: 0x0 is NULL
stack at sp + 7 slots: 0x0 is NULL


---------------  P R O C E S S  ---------------

Threads class SMR info:
_java_thread_list=0x000001c8575078f0, length=12, elements={
0x000001c8362656d0, 0x000001c8563f15f0, 0x000001c8563f2960, 0x000001c85640bae0,
0x000001c85640e5a0, 0x000001c856410060, 0x000001c856412e00, 0x000001c85646d010,
0x000001c856daaf80, 0x000001c8563d44c0, 0x000001c856ffe290, 0x000001c85750cd40
}

Java Threads: ( => current thread )
=>0x000001c8362656d0 JavaThread "main" [_thread_in_vm, id=14580, stack(0x00000038d9800000,0x00000038d9900000)]
  0x000001c8563f15f0 JavaThread "Reference Handler" daemon [_thread_blocked, id=4868, stack(0x00000038d9f00000,0x00000038da000000)]
  0x000001c8563f2960 JavaThread "Finalizer" daemon [_thread_blocked, id=5396, stack(0x00000038da000000,0x00000038da100000)]
  0x000001c85640bae0 JavaThread "Signal Dispatcher" daemon [_thread_blocked, id=15544, stack(0x00000038da200000,0x00000038da300000)]
  0x000001c85640e5a0 JavaThread "Attach Listener" daemon [_thread_blocked, id=16144, stack(0x00000038da300000,0x00000038da400000)]
  0x000001c856410060 JavaThread "Service Thread" daemon [_thread_blocked, id=988, stack(0x00000038da400000,0x00000038da500000)]
  0x000001c856412e00 JavaThread "C2 CompilerThread0" daemon [_thread_blocked, id=11620, stack(0x00000038da500000,0x00000038da600000)]
  0x000001c85646d010 JavaThread "C1 CompilerThread0" daemon [_thread_blocked, id=10288, stack(0x00000038da600000,0x00000038da700000)]
  0x000001c856daaf80 JavaThread "Sweeper thread" daemon [_thread_blocked, id=17256, stack(0x00000038da700000,0x00000038da800000)]
  0x000001c8563d44c0 JavaThread "Common-Cleaner" daemon [_thread_blocked, id=10708, stack(0x00000038da800000,0x00000038da900000)]
  0x000001c856ffe290 JavaThread "Notification Thread" daemon [_thread_blocked, id=9740, stack(0x00000038daa00000,0x00000038dab00000)]
  0x000001c85750cd40 JavaThread "C2 CompilerThread1" daemon [_thread_blocked, id=13176, stack(0x00000038da900000,0x00000038daa00000)]

Other Threads:
  0x000001c8563ed1c0 VMThread "VM Thread" [stack: 0x00000038d9e00000,0x00000038d9f00000] [id=8284]
  0x000001c836266880 WatcherThread [stack: 0x00000038dab00000,0x00000038dac00000] [id=7240]
  0x000001c8362a5970 GCTaskThread "GC Thread#0" [stack: 0x00000038d9900000,0x00000038d9a00000] [id=12584]
  0x000001c8571c5060 GCTaskThread "GC Thread#1" [stack: 0x00000038dad00000,0x00000038dae00000] [id=14512]
  0x000001c8571c46d0 GCTaskThread "GC Thread#2" [stack: 0x00000038dae00000,0x00000038daf00000] [id=9468]
  0x000001c8362b68c0 ConcurrentGCThread "G1 Main Marker" [stack: 0x00000038d9a00000,0x00000038d9b00000] [id=11548]
  0x000001c8362b7530 ConcurrentGCThread "G1 Conc#0" [stack: 0x00000038d9b00000,0x00000038d9c00000] [id=4824]
  0x000001c83632e370 ConcurrentGCThread "G1 Refine#0" [stack: 0x00000038d9c00000,0x00000038d9d00000] [id=15920]
  0x000001c836330000 ConcurrentGCThread "G1 Young RemSet Sampling" [stack: 0x00000038d9d00000,0x00000038d9e00000] [id=16824]

Threads with active compile tasks:

VM state: not at safepoint (normal execution)

VM Mutex/Monitor currently owned by a thread: None

Heap address: 0x0000000081c00000, size: 2020 MB, Compressed Oops mode: 32-bit
CDS archive(s) mapped at: [0x0000000800000000-0x0000000800b50000-0x0000000800b50000), size 11862016, SharedBaseAddress: 0x0000000800000000, ArchiveRelocationMode: 0.
Compressed class space mapped at: 0x0000000800b50000-0x0000000840b50000, size: 1073741824
Narrow klass base: 0x0000000800000000, Narrow klass shift: 3, Narrow klass range: 0x100000000

GC Precious Log:
 CPUs: 4 total, 4 available
 Memory: 8072M
 Large Page Support: Disabled
 NUMA Support: Disabled
 Compressed Oops: Enabled (32-bit)
 Heap Region Size: 1M
 Heap Min Capacity: 8M
 Heap Initial Capacity: 128M
 Heap Max Capacity: 2020M
 Pre-touch: Disabled
 Parallel Workers: 4
 Concurrent Workers: 1
 Concurrent Refinement Workers: 4
 Periodic GC: Disabled

Heap:
 garbage-first heap   total 131072K, used 2552K [0x0000000081c00000, 0x0000000100000000)
  region size 1024K, 3 young (3072K), 2 survivors (2048K)
 Metaspace       used 7602K, capacity 7769K, committed 7808K, reserved 1056768K
  class space    used 808K, capacity 883K, committed 896K, reserved 1048576K

Heap Regions: E=young(eden), S=young(survivor), O=old, HS=humongous(starts), HC=humongous(continues), CS=collection set, F=free, OA=open archive, CA=closed archive, TAMS=top-at-mark-start (previous, next)
|   0|0x0000000081c00000, 0x0000000081c7e200, 0x0000000081d00000| 49%| O|  |TAMS 0x0000000081c00000, 0x0000000081c00000| Untracked 
|   1|0x0000000081d00000, 0x0000000081d00000, 0x0000000081e00000|  0%| F|  |TAMS 0x0000000081d00000, 0x0000000081d00000| Untracked 
|   2|0x0000000081e00000, 0x0000000081e00000, 0x0000000081f00000|  0%| F|  |TAMS 0x0000000081e00000, 0x0000000081e00000| Untracked 
|   3|0x0000000081f00000, 0x0000000081f00000, 0x0000000082000000|  0%| F|  |TAMS 0x0000000081f00000, 0x0000000081f00000| Untracked 
|   4|0x0000000082000000, 0x0000000082000000, 0x0000000082100000|  0%| F|  |TAMS 0x0000000082000000, 0x0000000082000000| Untracked 
|   5|0x0000000082100000, 0x0000000082100000, 0x0000000082200000|  0%| F|  |TAMS 0x0000000082100000, 0x0000000082100000| Untracked 
|   6|0x0000000082200000, 0x0000000082200000, 0x0000000082300000|  0%| F|  |TAMS 0x0000000082200000, 0x0000000082200000| Untracked 
|   7|0x0000000082300000, 0x0000000082300000, 0x0000000082400000|  0%| F|  |TAMS 0x0000000082300000, 0x0000000082300000| Untracked 
|   8|0x0000000082400000, 0x0000000082400000, 0x0000000082500000|  0%| F|  |TAMS 0x0000000082400000, 0x0000000082400000| Untracked 
|   9|0x0000000082500000, 0x0000000082500000, 0x0000000082600000|  0%| F|  |TAMS 0x0000000082500000, 0x0000000082500000| Untracked 
|  10|0x0000000082600000, 0x0000000082600000, 0x0000000082700000|  0%| F|  |TAMS 0x0000000082600000, 0x0000000082600000| Untracked 
|  11|0x0000000082700000, 0x0000000082700000, 0x0000000082800000|  0%| F|  |TAMS 0x0000000082700000, 0x0000000082700000| Untracked 
|  12|0x0000000082800000, 0x0000000082800000, 0x0000000082900000|  0%| F|  |TAMS 0x0000000082800000, 0x0000000082800000| Untracked 
|  13|0x0000000082900000, 0x0000000082900000, 0x0000000082a00000|  0%| F|  |TAMS 0x0000000082900000, 0x0000000082900000| Untracked 
|  14|0x0000000082a00000, 0x0000000082a00000, 0x0000000082b00000|  0%| F|  |TAMS 0x0000000082a00000, 0x0000000082a00000| Untracked 
|  15|0x0000000082b00000, 0x0000000082b00000, 0x0000000082c00000|  0%| F|  |TAMS 0x0000000082b00000, 0x0000000082b00000| Untracked 
|  16|0x0000000082c00000, 0x0000000082c00000, 0x0000000082d00000|  0%| F|  |TAMS 0x0000000082c00000, 0x0000000082c00000| Untracked 
|  17|0x0000000082d00000, 0x0000000082d00000, 0x0000000082e00000|  0%| F|  |TAMS 0x0000000082d00000, 0x0000000082d00000| Untracked 
|  18|0x0000000082e00000, 0x0000000082e00000, 0x0000000082f00000|  0%| F|  |TAMS 0x0000000082e00000, 0x0000000082e00000| Untracked 
|  19|0x0000000082f00000, 0x0000000082f00000, 0x0000000083000000|  0%| F|  |TAMS 0x0000000082f00000, 0x0000000082f00000| Untracked 
|  20|0x0000000083000000, 0x0000000083000000, 0x0000000083100000|  0%| F|  |TAMS 0x0000000083000000, 0x0000000083000000| Untracked 
|  21|0x0000000083100000, 0x0000000083100000, 0x0000000083200000|  0%| F|  |TAMS 0x0000000083100000, 0x0000000083100000| Untracked 
|  22|0x0000000083200000, 0x0000000083200000, 0x0000000083300000|  0%| F|  |TAMS 0x0000000083200000, 0x0000000083200000| Untracked 
|  23|0x0000000083300000, 0x0000000083300000, 0x0000000083400000|  0%| F|  |TAMS 0x0000000083300000, 0x0000000083300000| Untracked 
|  24|0x0000000083400000, 0x0000000083400000, 0x0000000083500000|  0%| F|  |TAMS 0x0000000083400000, 0x0000000083400000| Untracked 
|  25|0x0000000083500000, 0x0000000083500000, 0x0000000083600000|  0%| F|  |TAMS 0x0000000083500000, 0x0000000083500000| Untracked 
|  26|0x0000000083600000, 0x0000000083600000, 0x0000000083700000|  0%| F|  |TAMS 0x0000000083600000, 0x0000000083600000| Untracked 
|  27|0x0000000083700000, 0x0000000083700000, 0x0000000083800000|  0%| F|  |TAMS 0x0000000083700000, 0x0000000083700000| Untracked 
|  28|0x0000000083800000, 0x0000000083800000, 0x0000000083900000|  0%| F|  |TAMS 0x0000000083800000, 0x0000000083800000| Untracked 
|  29|0x0000000083900000, 0x0000000083900000, 0x0000000083a00000|  0%| F|  |TAMS 0x0000000083900000, 0x0000000083900000| Untracked 
|  30|0x0000000083a00000, 0x0000000083a00000, 0x0000000083b00000|  0%| F|  |TAMS 0x0000000083a00000, 0x0000000083a00000| Untracked 
|  31|0x0000000083b00000, 0x0000000083b00000, 0x0000000083c00000|  0%| F|  |TAMS 0x0000000083b00000, 0x0000000083b00000| Untracked 
|  32|0x0000000083c00000, 0x0000000083c00000, 0x0000000083d00000|  0%| F|  |TAMS 0x0000000083c00000, 0x0000000083c00000| Untracked 
|  33|0x0000000083d00000, 0x0000000083d00000, 0x0000000083e00000|  0%| F|  |TAMS 0x0000000083d00000, 0x0000000083d00000| Untracked 
|  34|0x0000000083e00000, 0x0000000083e00000, 0x0000000083f00000|  0%| F|  |TAMS 0x0000000083e00000, 0x0000000083e00000| Untracked 
|  35|0x0000000083f00000, 0x0000000083f00000, 0x0000000084000000|  0%| F|  |TAMS 0x0000000083f00000, 0x0000000083f00000| Untracked 
|  36|0x0000000084000000, 0x0000000084000000, 0x0000000084100000|  0%| F|  |TAMS 0x0000000084000000, 0x0000000084000000| Untracked 
|  37|0x0000000084100000, 0x0000000084100000, 0x0000000084200000|  0%| F|  |TAMS 0x0000000084100000, 0x0000000084100000| Untracked 
|  38|0x0000000084200000, 0x0000000084200000, 0x0000000084300000|  0%| F|  |TAMS 0x0000000084200000, 0x0000000084200000| Untracked 
|  39|0x0000000084300000, 0x0000000084300000, 0x0000000084400000|  0%| F|  |TAMS 0x0000000084300000, 0x0000000084300000| Untracked 
|  40|0x0000000084400000, 0x0000000084400000, 0x0000000084500000|  0%| F|  |TAMS 0x0000000084400000, 0x0000000084400000| Untracked 
|  41|0x0000000084500000, 0x0000000084500000, 0x0000000084600000|  0%| F|  |TAMS 0x0000000084500000, 0x0000000084500000| Untracked 
|  42|0x0000000084600000, 0x0000000084600000, 0x0000000084700000|  0%| F|  |TAMS 0x0000000084600000, 0x0000000084600000| Untracked 
|  43|0x0000000084700000, 0x0000000084700000, 0x0000000084800000|  0%| F|  |TAMS 0x0000000084700000, 0x0000000084700000| Untracked 
|  44|0x0000000084800000, 0x0000000084800000, 0x0000000084900000|  0%| F|  |TAMS 0x0000000084800000, 0x0000000084800000| Untracked 
|  45|0x0000000084900000, 0x0000000084900000, 0x0000000084a00000|  0%| F|  |TAMS 0x0000000084900000, 0x0000000084900000| Untracked 
|  46|0x0000000084a00000, 0x0000000084a00000, 0x0000000084b00000|  0%| F|  |TAMS 0x0000000084a00000, 0x0000000084a00000| Untracked 
|  47|0x0000000084b00000, 0x0000000084b00000, 0x0000000084c00000|  0%| F|  |TAMS 0x0000000084b00000, 0x0000000084b00000| Untracked 
|  48|0x0000000084c00000, 0x0000000084c00000, 0x0000000084d00000|  0%| F|  |TAMS 0x0000000084c00000, 0x0000000084c00000| Untracked 
|  49|0x0000000084d00000, 0x0000000084d00000, 0x0000000084e00000|  0%| F|  |TAMS 0x0000000084d00000, 0x0000000084d00000| Untracked 
|  50|0x0000000084e00000, 0x0000000084e00000, 0x0000000084f00000|  0%| F|  |TAMS 0x0000000084e00000, 0x0000000084e00000| Untracked 
|  51|0x0000000084f00000, 0x0000000084f00000, 0x0000000085000000|  0%| F|  |TAMS 0x0000000084f00000, 0x0000000084f00000| Untracked 
|  52|0x0000000085000000, 0x0000000085000000, 0x0000000085100000|  0%| F|  |TAMS 0x0000000085000000, 0x0000000085000000| Untracked 
|  53|0x0000000085100000, 0x0000000085100000, 0x0000000085200000|  0%| F|  |TAMS 0x0000000085100000, 0x0000000085100000| Untracked 
|  54|0x0000000085200000, 0x0000000085200000, 0x0000000085300000|  0%| F|  |TAMS 0x0000000085200000, 0x0000000085200000| Untracked 
|  55|0x0000000085300000, 0x0000000085300000, 0x0000000085400000|  0%| F|  |TAMS 0x0000000085300000, 0x0000000085300000| Untracked 
|  56|0x0000000085400000, 0x0000000085400000, 0x0000000085500000|  0%| F|  |TAMS 0x0000000085400000, 0x0000000085400000| Untracked 
|  57|0x0000000085500000, 0x0000000085500000, 0x0000000085600000|  0%| F|  |TAMS 0x0000000085500000, 0x0000000085500000| Untracked 
|  58|0x0000000085600000, 0x0000000085600000, 0x0000000085700000|  0%| F|  |TAMS 0x0000000085600000, 0x0000000085600000| Untracked 
|  59|0x0000000085700000, 0x0000000085700000, 0x0000000085800000|  0%| F|  |TAMS 0x0000000085700000, 0x0000000085700000| Untracked 
|  60|0x0000000085800000, 0x0000000085800000, 0x0000000085900000|  0%| F|  |TAMS 0x0000000085800000, 0x0000000085800000| Untracked 
|  61|0x0000000085900000, 0x0000000085900000, 0x0000000085a00000|  0%| F|  |TAMS 0x0000000085900000, 0x0000000085900000| Untracked 
|  62|0x0000000085a00000, 0x0000000085a00000, 0x0000000085b00000|  0%| F|  |TAMS 0x0000000085a00000, 0x0000000085a00000| Untracked 
|  63|0x0000000085b00000, 0x0000000085b00000, 0x0000000085c00000|  0%| F|  |TAMS 0x0000000085b00000, 0x0000000085b00000| Untracked 
|  64|0x0000000085c00000, 0x0000000085c00000, 0x0000000085d00000|  0%| F|  |TAMS 0x0000000085c00000, 0x0000000085c00000| Untracked 
|  65|0x0000000085d00000, 0x0000000085d00000, 0x0000000085e00000|  0%| F|  |TAMS 0x0000000085d00000, 0x0000000085d00000| Untracked 
|  66|0x0000000085e00000, 0x0000000085e00000, 0x0000000085f00000|  0%| F|  |TAMS 0x0000000085e00000, 0x0000000085e00000| Untracked 
|  67|0x0000000085f00000, 0x0000000085f00000, 0x0000000086000000|  0%| F|  |TAMS 0x0000000085f00000, 0x0000000085f00000| Untracked 
|  68|0x0000000086000000, 0x0000000086000000, 0x0000000086100000|  0%| F|  |TAMS 0x0000000086000000, 0x0000000086000000| Untracked 
|  69|0x0000000086100000, 0x0000000086100000, 0x0000000086200000|  0%| F|  |TAMS 0x0000000086100000, 0x0000000086100000| Untracked 
|  70|0x0000000086200000, 0x0000000086200000, 0x0000000086300000|  0%| F|  |TAMS 0x0000000086200000, 0x0000000086200000| Untracked 
|  71|0x0000000086300000, 0x0000000086300000, 0x0000000086400000|  0%| F|  |TAMS 0x0000000086300000, 0x0000000086300000| Untracked 
|  72|0x0000000086400000, 0x0000000086400000, 0x0000000086500000|  0%| F|  |TAMS 0x0000000086400000, 0x0000000086400000| Untracked 
|  73|0x0000000086500000, 0x0000000086500000, 0x0000000086600000|  0%| F|  |TAMS 0x0000000086500000, 0x0000000086500000| Untracked 
|  74|0x0000000086600000, 0x0000000086600000, 0x0000000086700000|  0%| F|  |TAMS 0x0000000086600000, 0x0000000086600000| Untracked 
|  75|0x0000000086700000, 0x0000000086700000, 0x0000000086800000|  0%| F|  |TAMS 0x0000000086700000, 0x0000000086700000| Untracked 
|  76|0x0000000086800000, 0x0000000086800000, 0x0000000086900000|  0%| F|  |TAMS 0x0000000086800000, 0x0000000086800000| Untracked 
|  77|0x0000000086900000, 0x0000000086900000, 0x0000000086a00000|  0%| F|  |TAMS 0x0000000086900000, 0x0000000086900000| Untracked 
|  78|0x0000000086a00000, 0x0000000086a00000, 0x0000000086b00000|  0%| F|  |TAMS 0x0000000086a00000, 0x0000000086a00000| Untracked 
|  79|0x0000000086b00000, 0x0000000086b00000, 0x0000000086c00000|  0%| F|  |TAMS 0x0000000086b00000, 0x0000000086b00000| Untracked 
|  80|0x0000000086c00000, 0x0000000086c00000, 0x0000000086d00000|  0%| F|  |TAMS 0x0000000086c00000, 0x0000000086c00000| Untracked 
|  81|0x0000000086d00000, 0x0000000086d00000, 0x0000000086e00000|  0%| F|  |TAMS 0x0000000086d00000, 0x0000000086d00000| Untracked 
|  82|0x0000000086e00000, 0x0000000086e00000, 0x0000000086f00000|  0%| F|  |TAMS 0x0000000086e00000, 0x0000000086e00000| Untracked 
|  83|0x0000000086f00000, 0x0000000086f00000, 0x0000000087000000|  0%| F|  |TAMS 0x0000000086f00000, 0x0000000086f00000| Untracked 
|  84|0x0000000087000000, 0x0000000087000000, 0x0000000087100000|  0%| F|  |TAMS 0x0000000087000000, 0x0000000087000000| Untracked 
|  85|0x0000000087100000, 0x0000000087100000, 0x0000000087200000|  0%| F|  |TAMS 0x0000000087100000, 0x0000000087100000| Untracked 
|  86|0x0000000087200000, 0x0000000087200000, 0x0000000087300000|  0%| F|  |TAMS 0x0000000087200000, 0x0000000087200000| Untracked 
|  87|0x0000000087300000, 0x0000000087300000, 0x0000000087400000|  0%| F|  |TAMS 0x0000000087300000, 0x0000000087300000| Untracked 
|  88|0x0000000087400000, 0x0000000087400000, 0x0000000087500000|  0%| F|  |TAMS 0x0000000087400000, 0x0000000087400000| Untracked 
|  89|0x0000000087500000, 0x0000000087500000, 0x0000000087600000|  0%| F|  |TAMS 0x0000000087500000, 0x0000000087500000| Untracked 
|  90|0x0000000087600000, 0x0000000087600000, 0x0000000087700000|  0%| F|  |TAMS 0x0000000087600000, 0x0000000087600000| Untracked 
|  91|0x0000000087700000, 0x0000000087700000, 0x0000000087800000|  0%| F|  |TAMS 0x0000000087700000, 0x0000000087700000| Untracked 
|  92|0x0000000087800000, 0x0000000087800000, 0x0000000087900000|  0%| F|  |TAMS 0x0000000087800000, 0x0000000087800000| Untracked 
|  93|0x0000000087900000, 0x0000000087900000, 0x0000000087a00000|  0%| F|  |TAMS 0x0000000087900000, 0x0000000087900000| Untracked 
|  94|0x0000000087a00000, 0x0000000087a00000, 0x0000000087b00000|  0%| F|  |TAMS 0x0000000087a00000, 0x0000000087a00000| Untracked 
|  95|0x0000000087b00000, 0x0000000087b00000, 0x0000000087c00000|  0%| F|  |TAMS 0x0000000087b00000, 0x0000000087b00000| Untracked 
|  96|0x0000000087c00000, 0x0000000087c00000, 0x0000000087d00000|  0%| F|  |TAMS 0x0000000087c00000, 0x0000000087c00000| Untracked 
|  97|0x0000000087d00000, 0x0000000087d00000, 0x0000000087e00000|  0%| F|  |TAMS 0x0000000087d00000, 0x0000000087d00000| Untracked 
|  98|0x0000000087e00000, 0x0000000087e00000, 0x0000000087f00000|  0%| F|  |TAMS 0x0000000087e00000, 0x0000000087e00000| Untracked 
|  99|0x0000000087f00000, 0x0000000087f00000, 0x0000000088000000|  0%| F|  |TAMS 0x0000000087f00000, 0x0000000087f00000| Untracked 
| 100|0x0000000088000000, 0x0000000088000000, 0x0000000088100000|  0%| F|  |TAMS 0x0000000088000000, 0x0000000088000000| Untracked 
| 101|0x0000000088100000, 0x0000000088100000, 0x0000000088200000|  0%| F|  |TAMS 0x0000000088100000, 0x0000000088100000| Untracked 
| 102|0x0000000088200000, 0x0000000088200000, 0x0000000088300000|  0%| F|  |TAMS 0x0000000088200000, 0x0000000088200000| Untracked 
| 103|0x0000000088300000, 0x0000000088300000, 0x0000000088400000|  0%| F|  |TAMS 0x0000000088300000, 0x0000000088300000| Untracked 
| 104|0x0000000088400000, 0x0000000088400000, 0x0000000088500000|  0%| F|  |TAMS 0x0000000088400000, 0x0000000088400000| Untracked 
| 105|0x0000000088500000, 0x0000000088500000, 0x0000000088600000|  0%| F|  |TAMS 0x0000000088500000, 0x0000000088500000| Untracked 
| 106|0x0000000088600000, 0x0000000088600000, 0x0000000088700000|  0%| F|  |TAMS 0x0000000088600000, 0x0000000088600000| Untracked 
| 107|0x0000000088700000, 0x0000000088700000, 0x0000000088800000|  0%| F|  |TAMS 0x0000000088700000, 0x0000000088700000| Untracked 
| 108|0x0000000088800000, 0x0000000088800000, 0x0000000088900000|  0%| F|  |TAMS 0x0000000088800000, 0x0000000088800000| Untracked 
| 109|0x0000000088900000, 0x0000000088900000, 0x0000000088a00000|  0%| F|  |TAMS 0x0000000088900000, 0x0000000088900000| Untracked 
| 110|0x0000000088a00000, 0x0000000088a00000, 0x0000000088b00000|  0%| F|  |TAMS 0x0000000088a00000, 0x0000000088a00000| Untracked 
| 111|0x0000000088b00000, 0x0000000088b00000, 0x0000000088c00000|  0%| F|  |TAMS 0x0000000088b00000, 0x0000000088b00000| Untracked 
| 112|0x0000000088c00000, 0x0000000088c00000, 0x0000000088d00000|  0%| F|  |TAMS 0x0000000088c00000, 0x0000000088c00000| Untracked 
| 113|0x0000000088d00000, 0x0000000088e00000, 0x0000000088e00000|100%| S|CS|TAMS 0x0000000088d00000, 0x0000000088d00000| Complete 
| 114|0x0000000088e00000, 0x0000000088f00000, 0x0000000088f00000|100%| S|CS|TAMS 0x0000000088e00000, 0x0000000088e00000| Complete 
| 115|0x0000000088f00000, 0x0000000088f00000, 0x0000000089000000|  0%| F|  |TAMS 0x0000000088f00000, 0x0000000088f00000| Untracked 
| 116|0x0000000089000000, 0x0000000089000000, 0x0000000089100000|  0%| F|  |TAMS 0x0000000089000000, 0x0000000089000000| Untracked 
| 117|0x0000000089100000, 0x0000000089100000, 0x0000000089200000|  0%| F|  |TAMS 0x0000000089100000, 0x0000000089100000| Untracked 
| 118|0x0000000089200000, 0x0000000089200000, 0x0000000089300000|  0%| F|  |TAMS 0x0000000089200000, 0x0000000089200000| Untracked 
| 119|0x0000000089300000, 0x0000000089300000, 0x0000000089400000|  0%| F|  |TAMS 0x0000000089300000, 0x0000000089300000| Untracked 
| 120|0x0000000089400000, 0x0000000089400000, 0x0000000089500000|  0%| F|  |TAMS 0x0000000089400000, 0x0000000089400000| Untracked 
| 121|0x0000000089500000, 0x0000000089500000, 0x0000000089600000|  0%| F|  |TAMS 0x0000000089500000, 0x0000000089500000| Untracked 
| 122|0x0000000089600000, 0x0000000089600000, 0x0000000089700000|  0%| F|  |TAMS 0x0000000089600000, 0x0000000089600000| Untracked 
| 123|0x0000000089700000, 0x0000000089700000, 0x0000000089800000|  0%| F|  |TAMS 0x0000000089700000, 0x0000000089700000| Untracked 
| 124|0x0000000089800000, 0x0000000089800000, 0x0000000089900000|  0%| F|  |TAMS 0x0000000089800000, 0x0000000089800000| Untracked 
| 125|0x0000000089900000, 0x0000000089900000, 0x0000000089a00000|  0%| F|  |TAMS 0x0000000089900000, 0x0000000089900000| Untracked 
| 126|0x0000000089a00000, 0x0000000089a00000, 0x0000000089b00000|  0%| F|  |TAMS 0x0000000089a00000, 0x0000000089a00000| Untracked 
| 127|0x0000000089b00000, 0x0000000089b6b618, 0x0000000089c00000| 41%| E|  |TAMS 0x0000000089b00000, 0x0000000089b00000| Complete 

Card table byte_map: [0x000001c84f6c0000,0x000001c84fac0000] _byte_map_base: 0x000001c84f2b2000

Marking Bits (Prev, Next): (CMBitMap*) 0x000001c8362a61e0, (CMBitMap*) 0x000001c8362a6220
 Prev Bits: [0x000001c84fec0000, 0x000001c851e50000)
 Next Bits: [0x000001c851e50000, 0x000001c853de0000)

Polling page: 0x000001c836340000

Metaspace:

Usage:
  Non-class:      6.72 MB capacity,     6.63 MB ( 99%) used,    85.05 KB (  1%) free+waste,     6.81 KB ( <1%) overhead. 
      Class:    883.00 KB capacity,   808.16 KB ( 92%) used,    71.47 KB (  8%) free+waste,     3.38 KB ( <1%) overhead. 
       Both:      7.59 MB capacity,     7.42 MB ( 98%) used,   156.52 KB (  2%) free+waste,    10.19 KB ( <1%) overhead. 

Virtual space:
  Non-class space:        8.00 MB reserved,       6.75 MB ( 84%) committed 
      Class space:        1.00 GB reserved,     896.00 KB ( <1%) committed 
             Both:        1.01 GB reserved,       7.62 MB ( <1%) committed 

Chunk freelists:
   Non-Class:  26.00 KB
       Class:  13.00 KB
        Both:  39.00 KB

MaxMetaspaceSize: 17179869184.00 GB
CompressedClassSpaceSize: 1.00 GB

CodeHeap 'non-profiled nmethods': size=120000Kb used=386Kb max_used=386Kb free=119613Kb
 bounds [0x000001c847770000, 0x000001c8479e0000, 0x000001c84eca0000]
CodeHeap 'profiled nmethods': size=120000Kb used=1749Kb max_used=1749Kb free=118250Kb
 bounds [0x000001c840240000, 0x000001c8404b0000, 0x000001c847770000]
CodeHeap 'non-nmethods': size=5760Kb used=1188Kb max_used=1207Kb free=4571Kb
 bounds [0x000001c83fca0000, 0x000001c83ff10000, 0x000001c840240000]
 total_blobs=1530 nmethods=1085 adapters=357
 compilation: enabled
              stopped_count=0, restarted_count=0
 full_count=0

Compilation events (20 events):
Event: 2.245 Thread 0x000001c85646d010 nmethod 1077 0x000001c8403f1810 code [0x000001c8403f19e0, 0x000001c8403f1d78]
Event: 2.245 Thread 0x000001c85646d010 1078       3       java.lang.Class::privateGetDeclaredConstructors (79 bytes)
Event: 2.259 Thread 0x000001c85646d010 nmethod 1078 0x000001c8403f1f90 code [0x000001c8403f2180, 0x000001c8403f2688]
Event: 2.259 Thread 0x000001c85646d010 1079       3       jdk.internal.reflect.ReflectionFactory::copyConstructor (11 bytes)
Event: 2.260 Thread 0x000001c85646d010 nmethod 1079 0x000001c8403f2890 code [0x000001c8403f2a40, 0x000001c8403f2c28]
Event: 2.261 Thread 0x000001c85646d010 1080       1       java.util.logging.LogManager$LoggerContext::getOwner (5 bytes)
Event: 2.261 Thread 0x000001c85646d010 nmethod 1080 0x000001c8477cea10 code [0x000001c8477ceba0, 0x000001c8477cec58]
Event: 2.261 Thread 0x000001c85646d010 1081       3       java.util.zip.ZipCoder$UTF8ZipCoder::toString (12 bytes)
Event: 2.261 Thread 0x000001c85646d010 nmethod 1081 0x000001c8403f2d90 code [0x000001c8403f2f40, 0x000001c8403f30c8]
Event: 2.261 Thread 0x000001c85646d010 1082       3       java.lang.System$2::newStringUTF8NoRepl (7 bytes)
Event: 2.261 Thread 0x000001c85750cd40 1084       4       sun.security.provider.ByteArrayAccess::b2iBig64 (614 bytes)
Event: 2.261 Thread 0x000001c85646d010 nmethod 1082 0x000001c8403f3190 code [0x000001c8403f3340, 0x000001c8403f3468]
Event: 2.261 Thread 0x000001c85646d010 1083       3       java.lang.StringCoding::newStringUTF8NoRepl (56 bytes)
Event: 2.262 Thread 0x000001c85646d010 nmethod 1083 0x000001c8403f3510 code [0x000001c8403f3700, 0x000001c8403f3c28]
Event: 2.262 Thread 0x000001c85646d010 1085       3       java.lang.invoke.DirectMethodHandle::internalMemberName (8 bytes)
Event: 2.262 Thread 0x000001c85646d010 nmethod 1085 0x000001c8403f3e10 code [0x000001c8403f3fa0, 0x000001c8403f4198]
Event: 2.265 Thread 0x000001c85750cd40 nmethod 1084 0x000001c8477ced10 code [0x000001c8477ceea0, 0x000001c8477cf0d8]
Event: 2.267 Thread 0x000001c85646d010 1086       3       java.io.WinNTFileSystem::normalize (143 bytes)
Event: 2.269 Thread 0x000001c85646d010 nmethod 1086 0x000001c8403f4290 code [0x000001c8403f4500, 0x000001c8403f5058]
Event: 2.270 Thread 0x000001c856412e00 nmethod 1056 0x000001c8477cf210 code [0x000001c8477cf3a0, 0x000001c8477d0888]

GC Heap History (2 events):
Event: 2.246 GC heap before
{Heap before GC invocations=0 (full 0):
 garbage-first heap   total 131072K, used 13312K [0x0000000081c00000, 0x0000000100000000)
  region size 1024K, 13 young (13312K), 0 survivors (0K)
 Metaspace       used 7576K, capacity 7769K, committed 7808K, reserved 1056768K
  class space    used 804K, capacity 883K, committed 896K, reserved 1048576K
}
Event: 2.259 GC heap after
{Heap after GC invocations=1 (full 0):
 garbage-first heap   total 131072K, used 2552K [0x0000000081c00000, 0x0000000100000000)
  region size 1024K, 2 young (2048K), 2 survivors (2048K)
 Metaspace       used 7576K, capacity 7769K, committed 7808K, reserved 1056768K
  class space    used 804K, capacity 883K, committed 896K, reserved 1048576K
}

Deoptimization events (20 events):
Event: 1.349 Thread 0x000001c8362656d0 DEOPT PACKING pc=0x000001c847783f48 sp=0x00000038d98ff010
Event: 1.349 Thread 0x000001c8362656d0 DEOPT UNPACKING pc=0x000001c83fcee42f sp=0x00000038d98feec8 mode 2
Event: 1.983 Thread 0x000001c8362656d0 Uncommon trap: trap_request=0xffffff45 fr.pc=0x000001c847791dc0 relative=0x0000000000000220
Event: 1.983 Thread 0x000001c8362656d0 Uncommon trap: reason=unstable_if action=reinterpret pc=0x000001c847791dc0 method=java.util.HashMap.putVal(ILjava/lang/Object;Ljava/lang/Object;ZZ)Ljava/lang/Object; @ 162 c2
Event: 1.983 Thread 0x000001c8362656d0 DEOPT PACKING pc=0x000001c847791dc0 sp=0x00000038d98fc310
Event: 1.983 Thread 0x000001c8362656d0 DEOPT UNPACKING pc=0x000001c83fcee42f sp=0x00000038d98fc2c0 mode 2
Event: 1.993 Thread 0x000001c8362656d0 DEOPT PACKING pc=0x000001c8403782d8 sp=0x00000038d98fed70
Event: 1.993 Thread 0x000001c8362656d0 DEOPT UNPACKING pc=0x000001c83fcee23f sp=0x00000038d98fe228 mode 0
Event: 1.998 Thread 0x000001c8362656d0 DEOPT PACKING pc=0x000001c8403782d8 sp=0x00000038d98fec50
Event: 1.998 Thread 0x000001c8362656d0 DEOPT UNPACKING pc=0x000001c83fcee23f sp=0x00000038d98fe108 mode 0
Event: 2.000 Thread 0x000001c8362656d0 DEOPT PACKING pc=0x000001c8403782d8 sp=0x00000038d98febd0
Event: 2.000 Thread 0x000001c8362656d0 DEOPT UNPACKING pc=0x000001c83fcee23f sp=0x00000038d98fe088 mode 0
Event: 2.000 Thread 0x000001c8362656d0 Uncommon trap: trap_request=0xffffff45 fr.pc=0x000001c8477bb078 relative=0x0000000000000238
Event: 2.000 Thread 0x000001c8362656d0 Uncommon trap: reason=unstable_if action=reinterpret pc=0x000001c8477bb078 method=java.util.regex.Pattern$SliceI.match(Ljava/util/regex/Matcher;ILjava/lang/CharSequence;)Z @ 29 c2
Event: 2.000 Thread 0x000001c8362656d0 DEOPT PACKING pc=0x000001c8477bb078 sp=0x00000038d98fe6a0
Event: 2.000 Thread 0x000001c8362656d0 DEOPT UNPACKING pc=0x000001c83fcee42f sp=0x00000038d98fe638 mode 2
Event: 2.002 Thread 0x000001c8362656d0 DEOPT PACKING pc=0x000001c8403782d8 sp=0x00000038d98fec50
Event: 2.002 Thread 0x000001c8362656d0 DEOPT UNPACKING pc=0x000001c83fcee23f sp=0x00000038d98fe108 mode 0
Event: 2.004 Thread 0x000001c8362656d0 DEOPT PACKING pc=0x000001c8403782d8 sp=0x00000038d98fec50
Event: 2.004 Thread 0x000001c8362656d0 DEOPT UNPACKING pc=0x000001c83fcee23f sp=0x00000038d98fe108 mode 0

Classes unloaded (0 events):
No events

Classes redefined (0 events):
No events

Internal exceptions (15 events):
Event: 0.423 Thread 0x000001c8362656d0 Exception <a 'java/lang/NoSuchMethodError'{0x0000000089aef8f0}: 'void java.lang.invoke.DirectMethodHandle$Holder.invokeStatic(java.lang.Object, java.lang.Object)'> (0x0000000089aef8f0) 
thrown [./open/src/hotspot/share/interpreter/linkResolver.cpp, line 782]
Event: 0.424 Thread 0x000001c8362656d0 Exception <a 'java/lang/NoSuchMethodError'{0x0000000089af3598}: 'void java.lang.invoke.DirectMethodHandle$Holder.invokeStaticInit(java.lang.Object, java.lang.Object)'> (0x0000000089af3598) 
thrown [./open/src/hotspot/share/interpreter/linkResolver.cpp, line 782]
Event: 0.826 Thread 0x000001c8362656d0 Exception <a 'java/lang/NoSuchMethodError'{0x0000000089838330}: 'void java.lang.invoke.DirectMethodHandle$Holder.invokeSpecial(java.lang.Object, java.lang.Object, java.lang.Object)'> (0x0000000089838330) 
thrown [./open/src/hotspot/share/interpreter/linkResolver.cpp, line 782]
Event: 0.840 Thread 0x000001c8362656d0 Exception <a 'java/lang/NoSuchMethodError'{0x000000008984fa00}: 'void java.lang.invoke.DirectMethodHandle$Holder.invokeSpecial(java.lang.Object, java.lang.Object, java.lang.Object, java.lang.Object, java.lang.Object)'> (0x000000008984fa00) 
thrown [./open/src/hotspot/share/interpreter/linkResolver.cpp, line 782]
Event: 0.886 Thread 0x000001c8362656d0 Exception <a 'java/lang/NoSuchMethodError'{0x0000000089860790}: 'java.lang.Object java.lang.invoke.DirectMethodHandle$Holder.invokeInterface(java.lang.Object, java.lang.Object)'> (0x0000000089860790) 
thrown [./open/src/hotspot/share/interpreter/linkResolver.cpp, line 782]
Event: 0.890 Thread 0x000001c8362656d0 Exception <a 'java/lang/IncompatibleClassChangeError'{0x0000000089863ee0}: Found class java.lang.Object, but interface was expected> (0x0000000089863ee0) 
thrown [./open/src/hotspot/share/interpreter/linkResolver.cpp, line 848]
Event: 0.891 Thread 0x000001c8362656d0 Exception <a 'java/lang/NoSuchMethodError'{0x0000000089866ed8}: 'void java.lang.invoke.DirectMethodHandle$Holder.invokeStatic(java.lang.Object, java.lang.Object, java.lang.Object, java.lang.Object)'> (0x0000000089866ed8) 
thrown [./open/src/hotspot/share/interpreter/linkResolver.cpp, line 782]
Event: 1.335 Thread 0x000001c8362656d0 Exception <a 'java/lang/NoSuchMethodError'{0x00000000894fb8d8}: 'java.lang.Object java.lang.invoke.DirectMethodHandle$Holder.invokeStatic(java.lang.Object)'> (0x00000000894fb8d8) 
thrown [./open/src/hotspot/share/interpreter/linkResolver.cpp, line 782]
Event: 1.336 Thread 0x000001c8362656d0 Exception <a 'java/lang/NoSuchMethodError'{0x00000000894fef48}: 'java.lang.Object java.lang.invoke.DirectMethodHandle$Holder.invokeStaticInit(java.lang.Object)'> (0x00000000894fef48) 
thrown [./open/src/hotspot/share/interpreter/linkResolver.cpp, line 782]
Event: 1.485 Thread 0x000001c8362656d0 Exception <a 'java/lang/NoSuchMethodError'{0x00000000893ad710}: 'java.lang.Object java.lang.invoke.DirectMethodHandle$Holder.invokeStaticInit(java.lang.Object, int, int, int, int)'> (0x00000000893ad710) 
thrown [./open/src/hotspot/share/interpreter/linkResolver.cpp, line 782]
Event: 1.488 Thread 0x000001c8362656d0 Exception <a 'sun/nio/fs/WindowsException'{0x00000000893b3f58}> (0x00000000893b3f58) 
thrown [./open/src/hotspot/share/prims/jni.cpp, line 578]
Event: 1.515 Thread 0x000001c8362656d0 Exception <a 'java/lang/NoSuchMethodError'{0x00000000893de230}: 'int java.lang.invoke.DirectMethodHandle$Holder.invokeStaticInit(java.lang.Object, java.lang.Object, java.lang.Object, java.lang.Object)'> (0x00000000893de230) 
thrown [./open/src/hotspot/share/interpreter/linkResolver.cpp, line 782]
Event: 1.517 Thread 0x000001c8362656d0 Exception <a 'java/lang/IncompatibleClassChangeError'{0x00000000893e7c50}: Found class java.lang.Object, but interface was expected> (0x00000000893e7c50) 
thrown [./open/src/hotspot/share/interpreter/linkResolver.cpp, line 848]
Event: 1.518 Thread 0x000001c8362656d0 Exception <a 'java/lang/NoSuchMethodError'{0x00000000893ed430}: 'int java.lang.invoke.DirectMethodHandle$Holder.invokeStaticInit(java.lang.Object, java.lang.Object)'> (0x00000000893ed430) 
thrown [./open/src/hotspot/share/interpreter/linkResolver.cpp, line 782]
Event: 1.912 Thread 0x000001c8362656d0 Exception <a 'java/lang/NoSuchMethodError'{0x000000008905de50}: 'java.lang.Object java.lang.invoke.DirectMethodHandle$Holder.invokeStaticInit(java.lang.Object, java.lang.Object, int, int, int, int)'> (0x000000008905de50) 
thrown [./open/src/hotspot/share/interpreter/linkResolver.cpp, line 782]

Events (20 events):
Event: 2.236 loading class com/sun/crypto/provider/HmacCore
Event: 2.237 loading class javax/crypto/MacSpi
Event: 2.237 loading class javax/crypto/MacSpi done
Event: 2.237 loading class com/sun/crypto/provider/HmacCore done
Event: 2.237 loading class com/sun/crypto/provider/HmacSHA1 done
Event: 2.237 loading class sun/security/ssl/SSLCipher$T10BlockWriteCipherGenerator$BlockWriteCipher
Event: 2.237 loading class sun/security/ssl/SSLCipher$T10BlockWriteCipherGenerator$BlockWriteCipher done
Event: 2.244 loading class sun/security/ssl/SSLCipher$T10BlockReadCipherGenerator$BlockReadCipher
Event: 2.244 loading class sun/security/ssl/SSLCipher$T10BlockReadCipherGenerator$BlockReadCipher done
Event: 2.245 loading class java/lang/StrictMath
Event: 2.245 loading class java/lang/StrictMath done
Event: 2.246 Executing VM operation: G1CollectForAllocation
Event: 2.259 Executing VM operation: G1CollectForAllocation done
Event: 2.260 loading class jdk/internal/event/TLSHandshakeEvent
Event: 2.260 loading class jdk/internal/event/TLSHandshakeEvent done
Event: 2.260 loading class javax/net/ssl/SSLEngineResult$HandshakeStatus
Event: 2.260 loading class javax/net/ssl/SSLEngineResult$HandshakeStatus done
Event: 2.272 Loaded shared library C:\Users\estev\eclipse-workspace\ExercicioJDBC\sqljdbc_auth.dll
Event: 2.294 loading class java/net/InetAddress$CachedLocalHost
Event: 2.294 loading class java/net/InetAddress$CachedLocalHost done


Dynamic libraries:
0x00007ff6c6510000 - 0x00007ff6c651f000 	C:\Program Files\Java\jdk-15.0.1\bin\javaw.exe
0x00007ff84ddb0000 - 0x00007ff84dfa5000 	C:\WINDOWS\SYSTEM32\ntdll.dll
0x00007ff846630000 - 0x00007ff846642000 	C:\Program Files\Avast Software\Avast\aswhook.dll
0x00007ff84dc80000 - 0x00007ff84dd3d000 	C:\WINDOWS\System32\KERNEL32.DLL
0x00007ff84b810000 - 0x00007ff84bad9000 	C:\WINDOWS\System32\KERNELBASE.dll
0x00007ff84bb10000 - 0x00007ff84bc10000 	C:\WINDOWS\System32\ucrtbase.dll
0x00007ff830a40000 - 0x00007ff830a58000 	C:\Program Files\Java\jdk-15.0.1\bin\jli.dll
0x00007ff84c5a0000 - 0x00007ff84c64c000 	C:\WINDOWS\System32\ADVAPI32.dll
0x00007ff84cc30000 - 0x00007ff84ccce000 	C:\WINDOWS\System32\msvcrt.dll
0x00007ff84da10000 - 0x00007ff84daac000 	C:\WINDOWS\System32\sechost.dll
0x00007ff84c7a0000 - 0x00007ff84c8cb000 	C:\WINDOWS\System32\RPCRT4.dll
0x00007ff84dae0000 - 0x00007ff84dc80000 	C:\WINDOWS\System32\USER32.dll
0x00007ff84bae0000 - 0x00007ff84bb02000 	C:\WINDOWS\System32\win32u.dll
0x00007ff84dab0000 - 0x00007ff84dada000 	C:\WINDOWS\System32\GDI32.dll
0x00007ff84b620000 - 0x00007ff84b72b000 	C:\WINDOWS\System32\gdi32full.dll
0x00007ff84bd70000 - 0x00007ff84be0d000 	C:\WINDOWS\System32\msvcp_win.dll
0x00007ff830010000 - 0x00007ff830029000 	C:\Program Files\Java\jdk-15.0.1\bin\VCRUNTIME140.dll
0x00007ff83e610000 - 0x00007ff83e8aa000 	C:\WINDOWS\WinSxS\amd64_microsoft.windows.common-controls_6595b64144ccf1df_6.0.19041.844_none_ca00b6081b84eb1d\COMCTL32.dll
0x00007ff844850000 - 0x00007ff84485a000 	C:\WINDOWS\SYSTEM32\VERSION.dll
0x00007ff84dd40000 - 0x00007ff84dd70000 	C:\WINDOWS\System32\IMM32.DLL
0x00007ff83ec40000 - 0x00007ff83ec4c000 	C:\Program Files\Java\jdk-15.0.1\bin\vcruntime140_1.dll
0x00007ff8126d0000 - 0x00007ff812761000 	C:\Program Files\Java\jdk-15.0.1\bin\msvcp140.dll
0x00007fffe0f90000 - 0x00007fffe1aee000 	C:\Program Files\Java\jdk-15.0.1\bin\server\jvm.dll
0x00007ff84ccd0000 - 0x00007ff84ccd8000 	C:\WINDOWS\System32\PSAPI.DLL
0x00007ff83be20000 - 0x00007ff83be29000 	C:\WINDOWS\SYSTEM32\WSOCK32.dll
0x00007ff84c730000 - 0x00007ff84c79b000 	C:\WINDOWS\System32\WS2_32.dll
0x00007ff840150000 - 0x00007ff840177000 	C:\WINDOWS\SYSTEM32\WINMM.dll
0x00007ff849370000 - 0x00007ff849382000 	C:\WINDOWS\SYSTEM32\kernel.appcore.dll
0x00007ff8442c0000 - 0x00007ff8442ca000 	C:\Program Files\Java\jdk-15.0.1\bin\jimage.dll
0x00007ff8452d0000 - 0x00007ff8454b4000 	C:\WINDOWS\SYSTEM32\DBGHELP.DLL
0x00007ff841f60000 - 0x00007ff841f8c000 	C:\WINDOWS\SYSTEM32\dbgcore.DLL
0x00007ff84b540000 - 0x00007ff84b5c0000 	C:\WINDOWS\System32\bcryptPrimitives.dll
0x00007ff83ede0000 - 0x00007ff83ee05000 	C:\Program Files\Java\jdk-15.0.1\bin\java.dll
0x00007ff84d2c0000 - 0x00007ff84da02000 	C:\WINDOWS\System32\SHELL32.dll
0x00007ff849650000 - 0x00007ff849de0000 	C:\WINDOWS\SYSTEM32\windows.storage.dll
0x00007ff84c8d0000 - 0x00007ff84cc25000 	C:\WINDOWS\System32\combase.dll
0x00007ff84af60000 - 0x00007ff84af8c000 	C:\WINDOWS\SYSTEM32\Wldp.dll
0x00007ff84d210000 - 0x00007ff84d2be000 	C:\WINDOWS\System32\SHCORE.dll
0x00007ff84c360000 - 0x00007ff84c3b5000 	C:\WINDOWS\System32\shlwapi.dll
0x00007ff84b430000 - 0x00007ff84b44f000 	C:\WINDOWS\SYSTEM32\profapi.dll
0x00007ff83edc0000 - 0x00007ff83edd9000 	C:\Program Files\Java\jdk-15.0.1\bin\net.dll
0x00007ff841970000 - 0x00007ff841a7c000 	C:\WINDOWS\SYSTEM32\WINHTTP.dll
0x00007ff84ac70000 - 0x00007ff84acda000 	C:\WINDOWS\system32\mswsock.dll
0x00007ff83eda0000 - 0x00007ff83edb2000 	C:\Program Files\Java\jdk-15.0.1\bin\nio.dll
0x00007ff83ecf0000 - 0x00007ff83ed08000 	C:\Program Files\Java\jdk-15.0.1\bin\zip.dll
0x00007ff84a940000 - 0x00007ff84aa0b000 	C:\WINDOWS\SYSTEM32\DNSAPI.dll
0x00007ff84a900000 - 0x00007ff84a93b000 	C:\WINDOWS\SYSTEM32\IPHLPAPI.DLL
0x00007ff84d200000 - 0x00007ff84d208000 	C:\WINDOWS\System32\NSI.dll
0x00007ff83dac0000 - 0x00007ff83daca000 	C:\Windows\System32\rasadhlp.dll
0x00007ff83f980000 - 0x00007ff83f9ff000 	C:\WINDOWS\System32\fwpuclnt.dll
0x00007ff84b730000 - 0x00007ff84b757000 	C:\WINDOWS\System32\bcrypt.dll
0x00007ff84ae50000 - 0x00007ff84ae68000 	C:\WINDOWS\SYSTEM32\CRYPTSP.dll
0x00007ff84a5b0000 - 0x00007ff84a5e4000 	C:\WINDOWS\system32\rsaenh.dll
0x00007ff84b3f0000 - 0x00007ff84b41e000 	C:\WINDOWS\SYSTEM32\USERENV.dll
0x00007ff84ae40000 - 0x00007ff84ae4c000 	C:\WINDOWS\SYSTEM32\CRYPTBASE.dll
0x00007ff843670000 - 0x00007ff843687000 	C:\WINDOWS\SYSTEM32\dhcpcsvc6.DLL
0x00007ff843d10000 - 0x00007ff843d2d000 	C:\WINDOWS\SYSTEM32\dhcpcsvc.DLL
0x00007ff842730000 - 0x00007ff84273d000 	C:\Program Files\Java\jdk-15.0.1\bin\sunmscapi.dll
0x00007ff84bc10000 - 0x00007ff84bd6f000 	C:\WINDOWS\System32\CRYPT32.dll
0x00007ff84afd0000 - 0x00007ff84aff7000 	C:\WINDOWS\SYSTEM32\ncrypt.dll
0x00007ff84af90000 - 0x00007ff84afcb000 	C:\WINDOWS\SYSTEM32\NTASN1.dll
0x00007ff82fd10000 - 0x00007ff82fd5b000 	C:\Users\estev\eclipse-workspace\ExercicioJDBC\sqljdbc_auth.dll
0x00007ff84c3c0000 - 0x00007ff84c4ea000 	C:\WINDOWS\System32\ole32.dll
0x00007ff83be10000 - 0x00007ff83be1c000 	C:\WINDOWS\system32\secur32.dll
0x00007ff84b3b0000 - 0x00007ff84b3ec000 	C:\WINDOWS\SYSTEM32\SSPICLI.DLL
0x00007ff84ad30000 - 0x00007ff84ae3b000 	C:\WINDOWS\system32\kerberos.DLL
0x00007ff84b0e0000 - 0x00007ff84b0f2000 	C:\WINDOWS\SYSTEM32\MSASN1.dll
0x00007ff84abe0000 - 0x00007ff84ac6d000 	C:\WINDOWS\system32\msv1_0.DLL
0x00007ff84abc0000 - 0x00007ff84abd3000 	C:\WINDOWS\SYSTEM32\NtlmShared.dll
0x00007ff84ace0000 - 0x00007ff84acf5000 	C:\WINDOWS\SYSTEM32\cryptdll.dll
0x00007ff827180000 - 0x00007ff8271aa000 	C:\WINDOWS\system32\ntdsapi.dll
0x00007ff838090000 - 0x00007ff8380a7000 	C:\WINDOWS\system32\napinsp.dll
0x00007ff835c80000 - 0x00007ff835c9b000 	C:\WINDOWS\system32\pnrpnsp.dll
0x00007ff8356d0000 - 0x00007ff8356e5000 	C:\WINDOWS\system32\wshbth.dll
0x00007ff846d70000 - 0x00007ff846d8d000 	C:\WINDOWS\system32\NLAapi.dll
0x00007ff835610000 - 0x00007ff835622000 	C:\WINDOWS\System32\winrnr.dll

dbghelp: loaded successfully - version: 4.0.5 - missing functions: none
symbol engine: initialized successfully - sym options: 0x614 - pdb path: .;C:\Program Files\Java\jdk-15.0.1\bin;C:\WINDOWS\SYSTEM32;C:\Program Files\Avast Software\Avast;C:\WINDOWS\WinSxS\amd64_microsoft.windows.common-controls_6595b64144ccf1df_6.0.19041.844_none_ca00b6081b84eb1d;C:\Program Files\Java\jdk-15.0.1\bin\server;C:\Users\estev\eclipse-workspace\ExercicioJDBC

VM Arguments:
jvm_args: -Dfile.encoding=Cp1252 --module-path=C:\Users\estev\Downloads\sqljdbc4.jar -XX:+ShowCodeDetailsInExceptionMessages 
java_command: br.com.etec.exerciciojdbc.teste.TestaConexao
java_class_path (initial): C:\Users\estev\eclipse-workspace\ExercicioJDBC\bin;C:\Users\estev\Downloads\sqljdbc42.jar;C:\Users\estev\Downloads\jaxb-api-2.3.1.jar
Launcher Type: SUN_STANDARD

[Global flags]
     intx CICompilerCount                          = 3                                         {product} {ergonomic}
     uint ConcGCThreads                            = 1                                         {product} {ergonomic}
     uint G1ConcRefinementThreads                  = 4                                         {product} {ergonomic}
   size_t G1HeapRegionSize                         = 1048576                                   {product} {ergonomic}
    uintx GCDrainStackTargetSize                   = 64                                        {product} {ergonomic}
   size_t InitialHeapSize                          = 134217728                                 {product} {ergonomic}
   size_t MarkStackSize                            = 4194304                                   {product} {ergonomic}
   size_t MaxHeapSize                              = 2118123520                                {product} {ergonomic}
   size_t MaxNewSize                               = 1270874112                                {product} {ergonomic}
   size_t MinHeapDeltaBytes                        = 1048576                                   {product} {ergonomic}
   size_t MinHeapSize                              = 8388608                                   {product} {ergonomic}
    uintx NonNMethodCodeHeapSize                   = 5832780                                {pd product} {ergonomic}
    uintx NonProfiledCodeHeapSize                  = 122912730                              {pd product} {ergonomic}
    uintx ProfiledCodeHeapSize                     = 122912730                              {pd product} {ergonomic}
    uintx ReservedCodeCacheSize                    = 251658240                              {pd product} {ergonomic}
     bool SegmentedCodeCache                       = true                                      {product} {ergonomic}
     bool ShowCodeDetailsInExceptionMessages       = true                                   {manageable} {command line}
   size_t SoftMaxHeapSize                          = 2118123520                             {manageable} {ergonomic}
     bool UseCompressedClassPointers               = true                                 {lp64_product} {ergonomic}
     bool UseCompressedOops                        = true                                 {lp64_product} {ergonomic}
     bool UseG1GC                                  = true                                      {product} {ergonomic}
     bool UseLargePagesIndividualAllocation        = false                                  {pd product} {ergonomic}

Logging:
Log output configuration:
 #0: stdout all=warning uptime,level,tags
 #1: stderr all=off uptime,level,tags

Environment Variables:
PATH=C:/Program Files/Java/jdk-15.0.1/bin/server;C:/Program Files/Java/jdk-15.0.1/bin;C:\Program Files\Python39\Scripts\;C:\Program Files\Python39\;C:\Program Files\Common Files\Oracle\Java\javapath;C:\Program Files (x86)\Common Files\Oracle\Java\javapath;C:\WINDOWS\system32;C:\WINDOWS;C:\WINDOWS\System32\Wbem;C:\WINDOWS\System32\WindowsPowerShell\v1.0\;C:\WINDOWS\System32\OpenSSH\;C:\Program Files\dotnet\;C:\Program Files\Microsoft SQL Server\130\Tools\Binn\;C:\Program Files\Microsoft SQL Server\Client SDK\ODBC\170\Tools\Binn\;C:\Program Files\nodejs\;C:\Program Files\Git\cmd;C:\Program Files (x86)\Microsoft SQL Server\150\Tools\Binn\;C:\Program Files\Microsoft SQL Server\150\Tools\Binn\;C:\Program Files\Microsoft SQL Server\150\DTS\Binn\;C:\Program Files\Azure Data Studio\bin;C:\Program Files (x86)\Microsoft SQL Server\150\DTS\Binn\;C:\Users\estev\AppData\Local\Microsoft\WindowsApps;C:\Users\estev\AppData\Local\Programs\Microsoft VS Code\bin;C:\Users\estev\.dotnet\tools;C:\Users\estev\AppData\Roaming\npm;C:\Program Files\Azure Data Studio\bin;C:\Program Files\JetBrains\PyCharm Community Edition 2020.3.4\bin;;C:\Users\estev\AppData\Local\GitHubDesktop\bin;C:\Users\estev\eclipse\jee-2020-12\eclipse;
USERNAME=estev
OS=Windows_NT
PROCESSOR_IDENTIFIER=Intel64 Family 6 Model 69 Stepping 1, GenuineIntel



---------------  S Y S T E M  ---------------

OS:
 Windows 10 , 64 bit Build 19041 (10.0.19041.804)
OS uptime: 3 days 1:27 hours

CPU: total 4 (initial active 4) (2 cores per cpu, 2 threads per core) family 6 model 69 stepping 1 microcode 0x26, cmov, cx8, fxsr, mmx, sse, sse2, sse3, ssse3, sse4.1, sse4.2, popcnt, vzeroupper, avx, avx2, aes, clmul, erms, lzcnt, ht, tsc, tscinvbit, bmi1, bmi2, fma, clflush

Memory: 4k page, system-wide physical 8072M (961M free)
TotalPageFile size 17084M (AvailPageFile size 6121M)
current process WorkingSet (physical memory assigned to process): 69M, peak: 69M
current process commit charge ("private bytes"): 218M, peak: 218M

vm_info: Java HotSpot(TM) 64-Bit Server VM (15.0.1+9-18) for windows-amd64 JRE (15.0.1+9-18), built on Sep 15 2020 14:43:54 by "mach5one" with unknown MS VC++:1925

END.
